<?xml version="1.0" encoding="UTF-8"?>
<testsuites name="Calendar" time="857.13" tests="15" failures="0" errors="0">
   <testsuite name="Calendar" tests="15" failures="0" errors="0" time="857.13" skipped="0" timestamp="18-02-2025T10:14:15" hostname="Enrique - Enrique" id="Test Suites/LS/Home/General/Calendar">
      <properties>
         <property name="deviceName" value=""/>
         <property name="devicePlatform"/>
         <property name="logFolder" value="C:\\Users\\Enrique\\git\\AUTOMATION_LS\\Reports\\20250218_101349\\LS\\Home\\General\\Calendar\\20250218_101350"/>
         <property name="logFiles" value="C:\\Users\\Enrique\\git\\AUTOMATION_LS\\Reports\\20250218_101349\\LS\\Home\\General\\Calendar\\20250218_101350\\execution0.log"/>
         <property name="attachments" value=""/>
         <property name="hostName" value="Enrique - Enrique"/>
         <property name="os" value="Windows 11 64bit"/>
         <property name="katalonVersion" value="9.7.3.223"/>
         <property name="browser" value="Chrome 132.0.0.0"/>
         <property name="hostAddress" value="192.168.100.147"/>
         <property name="sessionId" value="326d1e669c974b93d362e8268df06238"/>
         <property name="seleniumVersion" value="3.141.59"/>
         <property name="proxyInformation" value="ProxyInformation { proxyOption=NO_PROXY, proxyServerType=HTTP, username=, password=********, proxyServerAddress=, proxyServerPort=0, executionList=&quot;&quot;, isApplyToDesiredCapabilities=true }"/>
         <property name="platform" value="Windows 11"/>
      </properties>
      <testcase name="Test Cases/Specific Cases/LS/General/Calendar/Events_Creation/Future Events Creation/Future_Calendar_Appointment" time="99.222" classname="Test Cases/Specific Cases/LS/General/Calendar/Events_Creation/Future Events Creation/Future_Calendar_Appointment" status="PASSED">
         <system-out><![CDATA[18-02-2025T10:14:16 - [TEST_CASE][PASSED] - Test Cases/Specific Cases/LS/General/Calendar/Events_Creation/Future Events Creation/Future_Calendar_Appointment: Test Cases/Specific Cases/LS/General/Calendar/Events_Creation/Future Events Creation/Future_Calendar_Appointment

18-02-2025T10:14:17 - [TEST_STEP][PASSED] - callTestCase(findTestCase("Common Cases/Login"), [:], STOP_ON_FAILURE): Call Test Case 'Test Cases/Common Cases/Login' successfully

18-02-2025T10:14:17 - [TEST_CASE][PASSED] - Test Cases/Common Cases/Login: Test Cases/Common Cases/Login

18-02-2025T10:14:18 - [TEST_STEP][PASSED] - openBrowser(""): Browser is opened with url: ''

18-02-2025T10:14:18 - [MESSAGE][INFO] - Starting 'Chrome' driver

18-02-2025T10:14:18 - [MESSAGE][INFO] - Action delay is set to 0 milliseconds

18-02-2025T10:14:27 - [MESSAGE][PASSED] - Browser is opened with url: ''

18-02-2025T10:14:27 - [TEST_STEP][PASSED] - maximizeWindow(): Current window maximized

18-02-2025T10:14:29 - [MESSAGE][PASSED] - Current window maximized

18-02-2025T10:14:29 - [TEST_STEP][PASSED] - navigateToUrl("https://site17.lsapp.cloud/auth/login"): Navigate to 'https://site17.lsapp.cloud/auth/login' successfully

18-02-2025T10:14:30 - [MESSAGE][PASSED] - Navigate to 'https://site17.lsapp.cloud/auth/login' successfully

18-02-2025T10:14:30 - [TEST_STEP][PASSED] - setText(findTestObject("Object Repository/Common Cases Repository/Login/Page_Lightning Step/input_Email_email"), "automation@lightningstep.com"): Text 'automation@lightningstep.com' is set on object 'Object Repository/Common Cases Repository/Login/Page_Lightning Step/input_Email_email'

18-02-2025T10:14:37 - [MESSAGE][PASSED] - Text 'automation@lightningstep.com' is set on object 'Object Repository/Common Cases Repository/Login/Page_Lightning Step/input_Email_email'

18-02-2025T10:14:37 - [TEST_STEP][PASSED] - setEncryptedText(findTestObject("Object Repository/Common Cases Repository/Login/Page_Lightning Step/input_Password_password"), "V35d/XPbheBRvBQ/ALpsoA=="): Text ****** has been set on object 'Object Repository/Common Cases Repository/Login/Page_Lightning Step/input_Password_password'

18-02-2025T10:14:39 - [MESSAGE][PASSED] - Text ****** has been set on object 'Object Repository/Common Cases Repository/Login/Page_Lightning Step/input_Password_password'

18-02-2025T10:14:39 - [TEST_STEP][PASSED] - click(findTestObject("Object Repository/Common Cases Repository/Login/Page_Lightning Step/button_Sign in")): Object: 'Object Repository/Common Cases Repository/Login/Page_Lightning Step/button_Sign in' is clicked on

18-02-2025T10:14:51 - [MESSAGE][PASSED] - Object: 'Object Repository/Common Cases Repository/Login/Page_Lightning Step/button_Sign in' is clicked on

18-02-2025T10:14:51 - [MESSAGE][PASSED] - Call Test Case 'Test Cases/Common Cases/Login' successfully

18-02-2025T10:14:51 - [TEST_STEP][PASSED] - click(findTestObject("Object Repository/Specific Cases Repository/LS/Home/Calendar/Calendar_Events/Calendar_Events_Creation/Page_Home/a_Calendar")): Object: 'Object Repository/Specific Cases Repository/LS/Home/Calendar/Calendar_Events/Calendar_Events_Creation/Page_Home/a_Calendar' is clicked on

18-02-2025T10:15:01 - [MESSAGE][PASSED] - Object: 'Object Repository/Specific Cases Repository/LS/Home/Calendar/Calendar_Events/Calendar_Events_Creation/Page_Home/a_Calendar' is clicked on

18-02-2025T10:15:01 - [TEST_STEP][PASSED] - click(findTestObject("Object Repository/Specific Cases Repository/LS/Home/Calendar/Calendar_Events/Calendar_Events_Creation/Appointment/Page_Calendar/div_Week")): Object: 'Object Repository/Specific Cases Repository/LS/Home/Calendar/Calendar_Events/Calendar_Events_Creation/Appointment/Page_Calendar/div_Week' is clicked on

18-02-2025T10:15:03 - [MESSAGE][PASSED] - Object: 'Object Repository/Specific Cases Repository/LS/Home/Calendar/Calendar_Events/Calendar_Events_Creation/Appointment/Page_Calendar/div_Week' is clicked on

18-02-2025T10:15:03 - [TEST_STEP][PASSED] - click(findTestObject("Object Repository/Specific Cases Repository/LS/Home/Calendar/Calendar_Events/Calendar_Events_Creation/Appointment/Page_Calendar/button_Create new")): Object: 'Object Repository/Specific Cases Repository/LS/Home/Calendar/Calendar_Events/Calendar_Events_Creation/Appointment/Page_Calendar/button_Create new' is clicked on

18-02-2025T10:15:05 - [MESSAGE][PASSED] - Object: 'Object Repository/Specific Cases Repository/LS/Home/Calendar/Calendar_Events/Calendar_Events_Creation/Appointment/Page_Calendar/button_Create new' is clicked on

18-02-2025T10:15:05 - [TEST_STEP][PASSED] - click(findTestObject("Object Repository/Specific Cases Repository/LS/Home/Calendar/Calendar_Events/Calendar_Events_Creation/Appointment/Page_Calendar/label_Appointment")): Object: 'Object Repository/Specific Cases Repository/LS/Home/Calendar/Calendar_Events/Calendar_Events_Creation/Appointment/Page_Calendar/label_Appointment' is clicked on

18-02-2025T10:15:07 - [MESSAGE][PASSED] - Object: 'Object Repository/Specific Cases Repository/LS/Home/Calendar/Calendar_Events/Calendar_Events_Creation/Appointment/Page_Calendar/label_Appointment' is clicked on

18-02-2025T10:15:07 - [TEST_STEP][PASSED] - click(findTestObject("Specific Cases Repository/LS/Home/Calendar/Calendar_Events/Calendar_Events_Creation/Appointment/Page_Calendar/span_Select Client")): Object: 'Object Repository/Specific Cases Repository/LS/Home/Calendar/Calendar_Events/Calendar_Events_Creation/Appointment/Page_Calendar/span_Select Client' is clicked on

18-02-2025T10:15:08 - [MESSAGE][PASSED] - Object: 'Object Repository/Specific Cases Repository/LS/Home/Calendar/Calendar_Events/Calendar_Events_Creation/Appointment/Page_Calendar/span_Select Client' is clicked on

18-02-2025T10:15:08 - [TEST_STEP][PASSED] - click(findTestObject("Object Repository/Specific Cases Repository/LS/Home/Calendar/Calendar_Events/Calendar_Events_Creation/Page_Calendar/a_Cancel")): Object: 'Object Repository/Specific Cases Repository/LS/Home/Calendar/Calendar_Events/Calendar_Events_Creation/Page_Calendar/a_Cancel' is clicked on

18-02-2025T10:15:09 - [MESSAGE][PASSED] - Object: 'Object Repository/Specific Cases Repository/LS/Home/Calendar/Calendar_Events/Calendar_Events_Creation/Page_Calendar/a_Cancel' is clicked on

18-02-2025T10:15:09 - [TEST_STEP][PASSED] - click(findTestObject("Object Repository/Specific Cases Repository/LS/Home/Calendar/Calendar_Events/Calendar_Events_Creation/Appointment/Page_Calendar/button_Create new")): Object: 'Object Repository/Specific Cases Repository/LS/Home/Calendar/Calendar_Events/Calendar_Events_Creation/Appointment/Page_Calendar/button_Create new' is clicked on

18-02-2025T10:15:10 - [MESSAGE][PASSED] - Object: 'Object Repository/Specific Cases Repository/LS/Home/Calendar/Calendar_Events/Calendar_Events_Creation/Appointment/Page_Calendar/button_Create new' is clicked on

18-02-2025T10:15:10 - [TEST_STEP][PASSED] - click(findTestObject("Object Repository/Specific Cases Repository/LS/Home/Calendar/Calendar_Events/Calendar_Events_Creation/Appointment/Page_Calendar/label_Appointment")): Object: 'Object Repository/Specific Cases Repository/LS/Home/Calendar/Calendar_Events/Calendar_Events_Creation/Appointment/Page_Calendar/label_Appointment' is clicked on

18-02-2025T10:15:13 - [MESSAGE][PASSED] - Object: 'Object Repository/Specific Cases Repository/LS/Home/Calendar/Calendar_Events/Calendar_Events_Creation/Appointment/Page_Calendar/label_Appointment' is clicked on

18-02-2025T10:15:13 - [TEST_STEP][PASSED] - click(findTestObject("Object Repository/Specific Cases Repository/LS/Home/Calendar/Calendar_Events/Calendar_Events_Creation/Appointment/Page_Calendar/label_Appointment")): Object: 'Object Repository/Specific Cases Repository/LS/Home/Calendar/Calendar_Events/Calendar_Events_Creation/Appointment/Page_Calendar/label_Appointment' is clicked on

18-02-2025T10:15:15 - [MESSAGE][PASSED] - Object: 'Object Repository/Specific Cases Repository/LS/Home/Calendar/Calendar_Events/Calendar_Events_Creation/Appointment/Page_Calendar/label_Appointment' is clicked on

18-02-2025T10:15:15 - [TEST_STEP][PASSED] - click(findTestObject("Specific Cases Repository/LS/Home/Calendar/Calendar_Events/Calendar_Events_Creation/Appointment/Page_Calendar/span_Select Client")): Object: 'Object Repository/Specific Cases Repository/LS/Home/Calendar/Calendar_Events/Calendar_Events_Creation/Appointment/Page_Calendar/span_Select Client' is clicked on

18-02-2025T10:15:17 - [MESSAGE][PASSED] - Object: 'Object Repository/Specific Cases Repository/LS/Home/Calendar/Calendar_Events/Calendar_Events_Creation/Appointment/Page_Calendar/span_Select Client' is clicked on

18-02-2025T10:15:17 - [TEST_STEP][PASSED] - clickOffset(findTestObject("Specific Cases Repository/LS/Home/Calendar/Calendar_Events/Calendar_Events_Creation/Appointment/Page_Calendar/span_Select Client"), 0, 160): Object: 'Object Repository/Specific Cases Repository/LS/Home/Calendar/Calendar_Events/Calendar_Events_Creation/Appointment/Page_Calendar/span_Select Client' is clicked on using offset x=0 and y=160

18-02-2025T10:15:19 - [MESSAGE][PASSED] - Object: 'Object Repository/Specific Cases Repository/LS/Home/Calendar/Calendar_Events/Calendar_Events_Creation/Appointment/Page_Calendar/span_Select Client' is clicked on using offset x=0 and y=160

18-02-2025T10:15:19 - [TEST_STEP][PASSED] - click(findTestObject("Object Repository/Specific Cases Repository/LS/Home/Calendar/Calendar_Events/Calendar_Events_Creation/Appointment/Page_Calendar/span_Select Service")): Object: 'Object Repository/Specific Cases Repository/LS/Home/Calendar/Calendar_Events/Calendar_Events_Creation/Appointment/Page_Calendar/span_Select Service' is clicked on

18-02-2025T10:15:21 - [MESSAGE][PASSED] - Object: 'Object Repository/Specific Cases Repository/LS/Home/Calendar/Calendar_Events/Calendar_Events_Creation/Appointment/Page_Calendar/span_Select Service' is clicked on

18-02-2025T10:15:21 - [TEST_STEP][PASSED] - clickOffset(findTestObject("Specific Cases Repository/LS/Home/Calendar/Calendar_Events/Calendar_Events_Creation/Appointment/Page_Calendar/span_Select Service"), 0, 160): Object: 'Object Repository/Specific Cases Repository/LS/Home/Calendar/Calendar_Events/Calendar_Events_Creation/Appointment/Page_Calendar/span_Select Service' is clicked on using offset x=0 and y=160

18-02-2025T10:15:22 - [MESSAGE][PASSED] - Object: 'Object Repository/Specific Cases Repository/LS/Home/Calendar/Calendar_Events/Calendar_Events_Creation/Appointment/Page_Calendar/span_Select Service' is clicked on using offset x=0 and y=160

18-02-2025T10:15:22 - [TEST_STEP][PASSED] - sendKeys(findTestObject("Object Repository/Specific Cases Repository/LS/Calendar/Calendar_Events/Calendar_Events_Creation/Appointment/Page_Calendar/input_Reminder_select2-search__field"), Keys.chord(ENTER)): Keys 'ENTER + ' sent to object: 'tempBody'

18-02-2025T10:15:22 - [MESSAGE][WARNING] - Test object with id 'Object Repository/Specific Cases Repository/LS/Calendar/Calendar_Events/Calendar_Events_Creation/Appointment/Page_Calendar/input_Reminder_select2-search__field' does not exist

18-02-2025T10:15:22 - [MESSAGE][WARNING] - Test object with id 'Object Repository/' does not exist

18-02-2025T10:15:24 - [MESSAGE][PASSED] - Keys 'ENTER + ' sent to object: 'tempBody'

18-02-2025T10:15:24 - [TEST_STEP][PASSED] - click(findTestObject("Object Repository/Specific Cases Repository/LS/Home/Calendar/Calendar_Events/Calendar_Events_Creation/Appointment/Page_Calendar/input_Title_title_")): Object: 'Object Repository/Specific Cases Repository/LS/Home/Calendar/Calendar_Events/Calendar_Events_Creation/Appointment/Page_Calendar/input_Title_title_' is clicked on

18-02-2025T10:15:25 - [MESSAGE][PASSED] - Object: 'Object Repository/Specific Cases Repository/LS/Home/Calendar/Calendar_Events/Calendar_Events_Creation/Appointment/Page_Calendar/input_Title_title_' is clicked on

18-02-2025T10:15:25 - [TEST_STEP][PASSED] - setText(findTestObject("Object Repository/Specific Cases Repository/LS/Home/Calendar/Calendar_Events/Calendar_Events_Creation/Appointment/Page_Calendar/input_Title_title_"), "Future Automation Test with B Automation, B Client MR# 24-11007: 5 Panel Drug Screen"): Text 'Future Automation Test with B Automation, B Client MR# 24-11007: 5 Panel Drug Screen' is set on object 'Object Repository/Specific Cases Repository/LS/Home/Calendar/Calendar_Events/Calendar_Events_Creation/Appointment/Page_Calendar/input_Title_title_'

18-02-2025T10:15:27 - [MESSAGE][PASSED] - Text 'Future Automation Test with B Automation, B Client MR# 24-11007: 5 Panel Drug Screen' is set on object 'Object Repository/Specific Cases Repository/LS/Home/Calendar/Calendar_Events/Calendar_Events_Creation/Appointment/Page_Calendar/input_Title_title_'

18-02-2025T10:15:27 - [TEST_STEP][PASSED] - click(findTestObject("Object Repository/Specific Cases Repository/LS/Home/Calendar/Calendar_Events/Calendar_Events_Creation/Appointment/Page_Calendar/Date")): Object: 'Object Repository/Specific Cases Repository/LS/Home/Calendar/Calendar_Events/Calendar_Events_Creation/Appointment/Page_Calendar/Date' is clicked on

18-02-2025T10:15:28 - [MESSAGE][PASSED] - Object: 'Object Repository/Specific Cases Repository/LS/Home/Calendar/Calendar_Events/Calendar_Events_Creation/Appointment/Page_Calendar/Date' is clicked on

18-02-2025T10:15:28 - [TEST_STEP][PASSED] - setText(findTestObject("Object Repository/Specific Cases Repository/LS/Home/Calendar/Calendar_Events/Calendar_Events_Creation/Appointment/Page_Calendar/Date"), Next_Week_Date): Text '02/25/2025' is set on object 'Object Repository/Specific Cases Repository/LS/Home/Calendar/Calendar_Events/Calendar_Events_Creation/Appointment/Page_Calendar/Date'

18-02-2025T10:15:32 - [MESSAGE][PASSED] - Text '02/25/2025' is set on object 'Object Repository/Specific Cases Repository/LS/Home/Calendar/Calendar_Events/Calendar_Events_Creation/Appointment/Page_Calendar/Date'

18-02-2025T10:15:32 - [TEST_STEP][PASSED] - click(findTestObject("Object Repository/Specific Cases Repository/LS/Home/Calendar/Calendar_Events/Calendar_Events_Creation/Appointment/Page_Calendar/Start Time Clock")): Object: 'Object Repository/Specific Cases Repository/LS/Home/Calendar/Calendar_Events/Calendar_Events_Creation/Appointment/Page_Calendar/Start Time Clock' is clicked on

18-02-2025T10:15:34 - [MESSAGE][PASSED] - Object: 'Object Repository/Specific Cases Repository/LS/Home/Calendar/Calendar_Events/Calendar_Events_Creation/Appointment/Page_Calendar/Start Time Clock' is clicked on

18-02-2025T10:15:34 - [TEST_STEP][PASSED] - setText(findTestObject("Object Repository/Specific Cases Repository/LS/Home/Calendar/Calendar_Events/Calendar_Events_Creation/Appointment/Page_Calendar/Start Time Clock"), "1500"): Text '1500' is set on object 'Object Repository/Specific Cases Repository/LS/Home/Calendar/Calendar_Events/Calendar_Events_Creation/Appointment/Page_Calendar/Start Time Clock'

18-02-2025T10:15:36 - [MESSAGE][PASSED] - Text '1500' is set on object 'Object Repository/Specific Cases Repository/LS/Home/Calendar/Calendar_Events/Calendar_Events_Creation/Appointment/Page_Calendar/Start Time Clock'

18-02-2025T10:15:36 - [TEST_STEP][PASSED] - click(findTestObject("Object Repository/Specific Cases Repository/LS/Home/Calendar/Calendar_Events/Calendar_Events_Creation/Appointment/Page_Calendar/End Time Clock")): Object: 'Object Repository/Specific Cases Repository/LS/Home/Calendar/Calendar_Events/Calendar_Events_Creation/Appointment/Page_Calendar/End Time Clock' is clicked on

18-02-2025T10:15:38 - [MESSAGE][PASSED] - Object: 'Object Repository/Specific Cases Repository/LS/Home/Calendar/Calendar_Events/Calendar_Events_Creation/Appointment/Page_Calendar/End Time Clock' is clicked on

18-02-2025T10:15:38 - [TEST_STEP][PASSED] - setText(findTestObject("Object Repository/Specific Cases Repository/LS/Home/Calendar/Calendar_Events/Calendar_Events_Creation/Appointment/Page_Calendar/End Time Clock"), "1600"): Text '1600' is set on object 'Object Repository/Specific Cases Repository/LS/Home/Calendar/Calendar_Events/Calendar_Events_Creation/Appointment/Page_Calendar/End Time Clock'

18-02-2025T10:15:42 - [MESSAGE][PASSED] - Text '1600' is set on object 'Object Repository/Specific Cases Repository/LS/Home/Calendar/Calendar_Events/Calendar_Events_Creation/Appointment/Page_Calendar/End Time Clock'

18-02-2025T10:15:42 - [TEST_STEP][PASSED] - setText(findTestObject("Object Repository/Specific Cases Repository/LS/Home/Calendar/Calendar_Events/Calendar_Events_Creation/Appointment/Page_Calendar/input_Notes_notes"), "Automation Future Test Note"): Text 'Automation Future Test Note' is set on object 'Object Repository/Specific Cases Repository/LS/Home/Calendar/Calendar_Events/Calendar_Events_Creation/Appointment/Page_Calendar/input_Notes_notes'

18-02-2025T10:15:47 - [MESSAGE][PASSED] - Text 'Automation Future Test Note' is set on object 'Object Repository/Specific Cases Repository/LS/Home/Calendar/Calendar_Events/Calendar_Events_Creation/Appointment/Page_Calendar/input_Notes_notes'

18-02-2025T10:15:47 - [TEST_STEP][PASSED] - scrollToElement(findTestObject("Object Repository/Specific Cases Repository/LS/Home/Calendar/Calendar_Events/Calendar_Events_Creation/Appointment/Page_Calendar/a_Save"), 0): Scroll to object 'Object Repository/Specific Cases Repository/LS/Home/Calendar/Calendar_Events/Calendar_Events_Creation/Appointment/Page_Calendar/a_Save' successfully

18-02-2025T10:15:47 - [MESSAGE][WARNING] - Timeout '0' is invalid. Using default page load timeout: '30'

18-02-2025T10:15:47 - [MESSAGE][PASSED] - Scroll to object 'Object Repository/Specific Cases Repository/LS/Home/Calendar/Calendar_Events/Calendar_Events_Creation/Appointment/Page_Calendar/a_Save' successfully

18-02-2025T10:15:47 - [TEST_STEP][PASSED] - click(findTestObject("Object Repository/Specific Cases Repository/LS/Home/Calendar/Calendar_Events/Calendar_Events_Creation/Appointment/Page_Calendar/a_Save")): Object: 'Object Repository/Specific Cases Repository/LS/Home/Calendar/Calendar_Events/Calendar_Events_Creation/Appointment/Page_Calendar/a_Save' is clicked on

18-02-2025T10:15:47 - [MESSAGE][PASSED] - Object: 'Object Repository/Specific Cases Repository/LS/Home/Calendar/Calendar_Events/Calendar_Events_Creation/Appointment/Page_Calendar/a_Save' is clicked on

18-02-2025T10:15:47 - [TEST_STEP][PASSED] - click(findTestObject("Object Repository/Specific Cases Repository/LS/Home/Calendar/Calendar_Events/Calendar_Events_Creation/Appointment/Page_Calendar/Next Week Arrow")): Object: 'Object Repository/Specific Cases Repository/LS/Home/Calendar/Calendar_Events/Calendar_Events_Creation/Appointment/Page_Calendar/Next Week Arrow' is clicked on

18-02-2025T10:15:51 - [MESSAGE][PASSED] - Object: 'Object Repository/Specific Cases Repository/LS/Home/Calendar/Calendar_Events/Calendar_Events_Creation/Appointment/Page_Calendar/Next Week Arrow' is clicked on

18-02-2025T10:15:51 - [TEST_STEP][PASSED] - scrollToElement(findTestObject("Object Repository/Specific Cases Repository/LS/Home/Calendar/Calendar_Events/Calendar_Events_Creation/Appointment/Page_Calendar/a_Automation Test with A Automation, A Clie_8f5a4c - Future"), 0): Scroll to object 'Object Repository/Specific Cases Repository/LS/Home/Calendar/Calendar_Events/Calendar_Events_Creation/Appointment/Page_Calendar/a_Automation Test with A Automation, A Clie_8f5a4c - Future' successfully

18-02-2025T10:15:51 - [MESSAGE][WARNING] - Timeout '0' is invalid. Using default page load timeout: '30'

18-02-2025T10:15:52 - [MESSAGE][PASSED] - Scroll to object 'Object Repository/Specific Cases Repository/LS/Home/Calendar/Calendar_Events/Calendar_Events_Creation/Appointment/Page_Calendar/a_Automation Test with A Automation, A Clie_8f5a4c - Future' successfully

18-02-2025T10:15:52 - [TEST_STEP][PASSED] - mouseOver(findTestObject("Object Repository/Specific Cases Repository/LS/Home/Calendar/Calendar_Events/Calendar_Events_Creation/Appointment/Page_Calendar/a_Automation Test with A Automation, A Clie_8f5a4c - Future")): Object: 'Object Repository/Specific Cases Repository/LS/Home/Calendar/Calendar_Events/Calendar_Events_Creation/Appointment/Page_Calendar/a_Automation Test with A Automation, A Clie_8f5a4c - Future' is hovered

18-02-2025T10:15:53 - [MESSAGE][PASSED] - Object: 'Object Repository/Specific Cases Repository/LS/Home/Calendar/Calendar_Events/Calendar_Events_Creation/Appointment/Page_Calendar/a_Automation Test with A Automation, A Clie_8f5a4c - Future' is hovered

18-02-2025T10:15:53 - [TEST_STEP][PASSED] - click(findTestObject("Object Repository/Specific Cases Repository/LS/Home/Calendar/Calendar_Events/Calendar_Events_Creation/Appointment/Page_Calendar/a_Automation Test with A Automation, A Clie_8f5a4c - Future")): Object: 'Object Repository/Specific Cases Repository/LS/Home/Calendar/Calendar_Events/Calendar_Events_Creation/Appointment/Page_Calendar/a_Automation Test with A Automation, A Clie_8f5a4c - Future' is clicked on

18-02-2025T10:15:54 - [MESSAGE][PASSED] - Object: 'Object Repository/Specific Cases Repository/LS/Home/Calendar/Calendar_Events/Calendar_Events_Creation/Appointment/Page_Calendar/a_Automation Test with A Automation, A Clie_8f5a4c - Future' is clicked on

18-02-2025T10:15:54 - [TEST_STEP][PASSED] - closeBrowser(): Browser is closed

18-02-2025T10:15:55 - [MESSAGE][PASSED] - Browser is closed]]></system-out>
         <system-err><![CDATA[]]></system-err>
      </testcase>
      <testcase name="Test Cases/Specific Cases/LS/General/Calendar/Events_Creation/Future Events Creation/Future_Calendar_Block" time="54.438" classname="Test Cases/Specific Cases/LS/General/Calendar/Events_Creation/Future Events Creation/Future_Calendar_Block" status="PASSED">
         <system-out><![CDATA[18-02-2025T10:15:55 - [TEST_CASE][PASSED] - Test Cases/Specific Cases/LS/General/Calendar/Events_Creation/Future Events Creation/Future_Calendar_Block: Test Cases/Specific Cases/LS/General/Calendar/Events_Creation/Future Events Creation/Future_Calendar_Block

18-02-2025T10:15:55 - [TEST_STEP][PASSED] - callTestCase(findTestCase("Common Cases/Login"), [:], STOP_ON_FAILURE): Call Test Case 'Test Cases/Common Cases/Login' successfully

18-02-2025T10:15:55 - [TEST_CASE][PASSED] - Test Cases/Common Cases/Login: Test Cases/Common Cases/Login

18-02-2025T10:15:55 - [TEST_STEP][PASSED] - openBrowser(""): Browser is opened with url: ''

18-02-2025T10:15:55 - [MESSAGE][INFO] - Starting 'Chrome' driver

18-02-2025T10:15:55 - [MESSAGE][INFO] - Action delay is set to 0 milliseconds

18-02-2025T10:15:58 - [MESSAGE][PASSED] - Browser is opened with url: ''

18-02-2025T10:15:58 - [TEST_STEP][PASSED] - maximizeWindow(): Current window maximized

18-02-2025T10:15:58 - [MESSAGE][PASSED] - Current window maximized

18-02-2025T10:15:58 - [TEST_STEP][PASSED] - navigateToUrl("https://site17.lsapp.cloud/auth/login"): Navigate to 'https://site17.lsapp.cloud/auth/login' successfully

18-02-2025T10:15:59 - [MESSAGE][PASSED] - Navigate to 'https://site17.lsapp.cloud/auth/login' successfully

18-02-2025T10:15:59 - [TEST_STEP][PASSED] - setText(findTestObject("Object Repository/Common Cases Repository/Login/Page_Lightning Step/input_Email_email"), "automation@lightningstep.com"): Text 'automation@lightningstep.com' is set on object 'Object Repository/Common Cases Repository/Login/Page_Lightning Step/input_Email_email'

18-02-2025T10:16:06 - [MESSAGE][PASSED] - Text 'automation@lightningstep.com' is set on object 'Object Repository/Common Cases Repository/Login/Page_Lightning Step/input_Email_email'

18-02-2025T10:16:06 - [TEST_STEP][PASSED] - setEncryptedText(findTestObject("Object Repository/Common Cases Repository/Login/Page_Lightning Step/input_Password_password"), "V35d/XPbheBRvBQ/ALpsoA=="): Text ****** has been set on object 'Object Repository/Common Cases Repository/Login/Page_Lightning Step/input_Password_password'

18-02-2025T10:16:06 - [MESSAGE][PASSED] - Text ****** has been set on object 'Object Repository/Common Cases Repository/Login/Page_Lightning Step/input_Password_password'

18-02-2025T10:16:06 - [TEST_STEP][PASSED] - click(findTestObject("Object Repository/Common Cases Repository/Login/Page_Lightning Step/button_Sign in")): Object: 'Object Repository/Common Cases Repository/Login/Page_Lightning Step/button_Sign in' is clicked on

18-02-2025T10:16:14 - [MESSAGE][PASSED] - Object: 'Object Repository/Common Cases Repository/Login/Page_Lightning Step/button_Sign in' is clicked on

18-02-2025T10:16:14 - [MESSAGE][PASSED] - Call Test Case 'Test Cases/Common Cases/Login' successfully

18-02-2025T10:16:14 - [TEST_STEP][PASSED] - click(findTestObject("Object Repository/Specific Cases Repository/LS/Home/Calendar/Calendar_Events/Calendar_Events_Creation/Block/Page_Home/a_Calendar")): Object: 'Object Repository/Specific Cases Repository/LS/Home/Calendar/Calendar_Events/Calendar_Events_Creation/Block/Page_Home/a_Calendar' is clicked on

18-02-2025T10:16:22 - [MESSAGE][PASSED] - Object: 'Object Repository/Specific Cases Repository/LS/Home/Calendar/Calendar_Events/Calendar_Events_Creation/Block/Page_Home/a_Calendar' is clicked on

18-02-2025T10:16:22 - [TEST_STEP][PASSED] - click(findTestObject("Object Repository/Specific Cases Repository/LS/Home/Calendar/Calendar_Events/Calendar_Events_Creation/Appointment/Page_Calendar/div_Week")): Object: 'Object Repository/Specific Cases Repository/LS/Home/Calendar/Calendar_Events/Calendar_Events_Creation/Appointment/Page_Calendar/div_Week' is clicked on

18-02-2025T10:16:24 - [MESSAGE][PASSED] - Object: 'Object Repository/Specific Cases Repository/LS/Home/Calendar/Calendar_Events/Calendar_Events_Creation/Appointment/Page_Calendar/div_Week' is clicked on

18-02-2025T10:16:24 - [TEST_STEP][PASSED] - click(findTestObject("Object Repository/Specific Cases Repository/LS/Home/Calendar/Calendar_Events/Calendar_Events_Creation/Block/Page_Calendar/button_Create new")): Object: 'Object Repository/Specific Cases Repository/LS/Home/Calendar/Calendar_Events/Calendar_Events_Creation/Block/Page_Calendar/button_Create new' is clicked on

18-02-2025T10:16:25 - [MESSAGE][PASSED] - Object: 'Object Repository/Specific Cases Repository/LS/Home/Calendar/Calendar_Events/Calendar_Events_Creation/Block/Page_Calendar/button_Create new' is clicked on

18-02-2025T10:16:25 - [TEST_STEP][PASSED] - click(findTestObject("Object Repository/Specific Cases Repository/LS/Home/Calendar/Calendar_Events/Calendar_Events_Creation/Block/Page_Calendar/label_Block")): Object: 'Object Repository/Specific Cases Repository/LS/Home/Calendar/Calendar_Events/Calendar_Events_Creation/Block/Page_Calendar/label_Block' is clicked on

18-02-2025T10:16:27 - [MESSAGE][PASSED] - Object: 'Object Repository/Specific Cases Repository/LS/Home/Calendar/Calendar_Events/Calendar_Events_Creation/Block/Page_Calendar/label_Block' is clicked on

18-02-2025T10:16:27 - [TEST_STEP][PASSED] - setText(findTestObject("Object Repository/Specific Cases Repository/LS/Home/Calendar/Calendar_Events/Calendar_Events_Creation/Block/Page_Calendar/input_Title_title_"), "Future Automation Block"): Text 'Future Automation Block' is set on object 'Object Repository/Specific Cases Repository/LS/Home/Calendar/Calendar_Events/Calendar_Events_Creation/Block/Page_Calendar/input_Title_title_'

18-02-2025T10:16:29 - [MESSAGE][PASSED] - Text 'Future Automation Block' is set on object 'Object Repository/Specific Cases Repository/LS/Home/Calendar/Calendar_Events/Calendar_Events_Creation/Block/Page_Calendar/input_Title_title_'

18-02-2025T10:16:29 - [TEST_STEP][PASSED] - click(findTestObject("Object Repository/Specific Cases Repository/LS/Home/Calendar/Calendar_Events/Calendar_Events_Creation/Appointment/Page_Calendar/Date")): Object: 'Object Repository/Specific Cases Repository/LS/Home/Calendar/Calendar_Events/Calendar_Events_Creation/Appointment/Page_Calendar/Date' is clicked on

18-02-2025T10:16:31 - [MESSAGE][PASSED] - Object: 'Object Repository/Specific Cases Repository/LS/Home/Calendar/Calendar_Events/Calendar_Events_Creation/Appointment/Page_Calendar/Date' is clicked on

18-02-2025T10:16:31 - [TEST_STEP][PASSED] - setText(findTestObject("Object Repository/Specific Cases Repository/LS/Home/Calendar/Calendar_Events/Calendar_Events_Creation/Appointment/Page_Calendar/Date"), Next_Week_Date): Text '02/25/2025' is set on object 'Object Repository/Specific Cases Repository/LS/Home/Calendar/Calendar_Events/Calendar_Events_Creation/Appointment/Page_Calendar/Date'

18-02-2025T10:16:34 - [MESSAGE][PASSED] - Text '02/25/2025' is set on object 'Object Repository/Specific Cases Repository/LS/Home/Calendar/Calendar_Events/Calendar_Events_Creation/Appointment/Page_Calendar/Date'

18-02-2025T10:16:34 - [TEST_STEP][PASSED] - click(findTestObject("Object Repository/Specific Cases Repository/LS/Home/Calendar/Calendar_Events/Calendar_Events_Creation/Appointment/Page_Calendar/Start Time Clock")): Object: 'Object Repository/Specific Cases Repository/LS/Home/Calendar/Calendar_Events/Calendar_Events_Creation/Appointment/Page_Calendar/Start Time Clock' is clicked on

18-02-2025T10:16:37 - [MESSAGE][PASSED] - Object: 'Object Repository/Specific Cases Repository/LS/Home/Calendar/Calendar_Events/Calendar_Events_Creation/Appointment/Page_Calendar/Start Time Clock' is clicked on

18-02-2025T10:16:37 - [TEST_STEP][PASSED] - setText(findTestObject("Object Repository/Specific Cases Repository/LS/Home/Calendar/Calendar_Events/Calendar_Events_Creation/Appointment/Page_Calendar/Start Time Clock"), "1600"): Text '1600' is set on object 'Object Repository/Specific Cases Repository/LS/Home/Calendar/Calendar_Events/Calendar_Events_Creation/Appointment/Page_Calendar/Start Time Clock'

18-02-2025T10:16:38 - [MESSAGE][PASSED] - Text '1600' is set on object 'Object Repository/Specific Cases Repository/LS/Home/Calendar/Calendar_Events/Calendar_Events_Creation/Appointment/Page_Calendar/Start Time Clock'

18-02-2025T10:16:38 - [TEST_STEP][PASSED] - click(findTestObject("Object Repository/Specific Cases Repository/LS/Home/Calendar/Calendar_Events/Calendar_Events_Creation/Block/Page_Calendar/div_Schedule                               _3f20bf")): Object: 'Object Repository/Specific Cases Repository/LS/Home/Calendar/Calendar_Events/Calendar_Events_Creation/Block/Page_Calendar/div_Schedule                               _3f20bf' is clicked on

18-02-2025T10:16:39 - [MESSAGE][PASSED] - Object: 'Object Repository/Specific Cases Repository/LS/Home/Calendar/Calendar_Events/Calendar_Events_Creation/Block/Page_Calendar/div_Schedule                               _3f20bf' is clicked on

18-02-2025T10:16:39 - [TEST_STEP][PASSED] - setText(findTestObject("Object Repository/Specific Cases Repository/LS/Home/Calendar/Calendar_Events/Calendar_Events_Creation/Block/Page_Calendar/input_Notes_notes"), "Future Automation Block Note"): Text 'Future Automation Block Note' is set on object 'Object Repository/Specific Cases Repository/LS/Home/Calendar/Calendar_Events/Calendar_Events_Creation/Block/Page_Calendar/input_Notes_notes'

18-02-2025T10:16:41 - [MESSAGE][PASSED] - Text 'Future Automation Block Note' is set on object 'Object Repository/Specific Cases Repository/LS/Home/Calendar/Calendar_Events/Calendar_Events_Creation/Block/Page_Calendar/input_Notes_notes'

18-02-2025T10:16:41 - [TEST_STEP][PASSED] - click(findTestObject("Object Repository/Specific Cases Repository/LS/Home/Calendar/Calendar_Events/Calendar_Events_Creation/Block/Page_Calendar/a_Save")): Object: 'Object Repository/Specific Cases Repository/LS/Home/Calendar/Calendar_Events/Calendar_Events_Creation/Block/Page_Calendar/a_Save' is clicked on

18-02-2025T10:16:42 - [MESSAGE][PASSED] - Object: 'Object Repository/Specific Cases Repository/LS/Home/Calendar/Calendar_Events/Calendar_Events_Creation/Block/Page_Calendar/a_Save' is clicked on

18-02-2025T10:16:42 - [TEST_STEP][PASSED] - click(findTestObject("Specific Cases Repository/LS/Home/Calendar/Calendar_Events/Calendar_Events_Creation/Appointment/Page_Calendar/Next Week Arrow")): Object: 'Object Repository/Specific Cases Repository/LS/Home/Calendar/Calendar_Events/Calendar_Events_Creation/Appointment/Page_Calendar/Next Week Arrow' is clicked on

18-02-2025T10:16:45 - [MESSAGE][PASSED] - Object: 'Object Repository/Specific Cases Repository/LS/Home/Calendar/Calendar_Events/Calendar_Events_Creation/Appointment/Page_Calendar/Next Week Arrow' is clicked on

18-02-2025T10:16:45 - [TEST_STEP][PASSED] - mouseOver(findTestObject("Specific Cases Repository/LS/Home/Calendar/Calendar_Events/Calendar_Events_Creation/Block/Page_Calendar/a_Blocked for Automation Block - Future")): Object: 'Object Repository/Specific Cases Repository/LS/Home/Calendar/Calendar_Events/Calendar_Events_Creation/Block/Page_Calendar/a_Blocked for Automation Block - Future' is hovered

18-02-2025T10:16:46 - [MESSAGE][PASSED] - Object: 'Object Repository/Specific Cases Repository/LS/Home/Calendar/Calendar_Events/Calendar_Events_Creation/Block/Page_Calendar/a_Blocked for Automation Block - Future' is hovered

18-02-2025T10:16:46 - [TEST_STEP][PASSED] - verifyElementText(findTestObject("Specific Cases Repository/LS/Home/Calendar/Calendar_Events/Calendar_Events_Creation/Block/Page_Calendar/span_Blocked for Future Automation Block"), "Blocked for: Future Automation Block"): Actual text and expected text of test object 'Object Repository/Specific Cases Repository/LS/Home/Calendar/Calendar_Events/Calendar_Events_Creation/Block/Page_Calendar/span_Blocked for Future Automation Block' are matched.

18-02-2025T10:16:47 - [MESSAGE][PASSED] - Actual text and expected text of test object 'Object Repository/Specific Cases Repository/LS/Home/Calendar/Calendar_Events/Calendar_Events_Creation/Block/Page_Calendar/span_Blocked for Future Automation Block' are matched.

18-02-2025T10:16:47 - [TEST_STEP][PASSED] - closeBrowser(): Browser is closed

18-02-2025T10:16:49 - [MESSAGE][PASSED] - Browser is closed]]></system-out>
         <system-err><![CDATA[]]></system-err>
      </testcase>
      <testcase name="Test Cases/Specific Cases/LS/General/Calendar/Events_Creation/Future Events Creation/Future_Calendar_Event" time="43.754" classname="Test Cases/Specific Cases/LS/General/Calendar/Events_Creation/Future Events Creation/Future_Calendar_Event" status="PASSED">
         <system-out><![CDATA[18-02-2025T10:16:49 - [TEST_CASE][PASSED] - Test Cases/Specific Cases/LS/General/Calendar/Events_Creation/Future Events Creation/Future_Calendar_Event: Test Cases/Specific Cases/LS/General/Calendar/Events_Creation/Future Events Creation/Future_Calendar_Event

18-02-2025T10:16:50 - [TEST_STEP][PASSED] - callTestCase(findTestCase("Common Cases/Login"), [:], STOP_ON_FAILURE): Call Test Case 'Test Cases/Common Cases/Login' successfully

18-02-2025T10:16:51 - [TEST_CASE][PASSED] - Test Cases/Common Cases/Login: Test Cases/Common Cases/Login

18-02-2025T10:16:51 - [TEST_STEP][PASSED] - openBrowser(""): Browser is opened with url: ''

18-02-2025T10:16:51 - [MESSAGE][INFO] - Starting 'Chrome' driver

18-02-2025T10:16:51 - [MESSAGE][INFO] - Action delay is set to 0 milliseconds

18-02-2025T10:16:53 - [MESSAGE][PASSED] - Browser is opened with url: ''

18-02-2025T10:16:53 - [TEST_STEP][PASSED] - maximizeWindow(): Current window maximized

18-02-2025T10:16:53 - [MESSAGE][PASSED] - Current window maximized

18-02-2025T10:16:53 - [TEST_STEP][PASSED] - navigateToUrl("https://site17.lsapp.cloud/auth/login"): Navigate to 'https://site17.lsapp.cloud/auth/login' successfully

18-02-2025T10:16:56 - [MESSAGE][PASSED] - Navigate to 'https://site17.lsapp.cloud/auth/login' successfully

18-02-2025T10:16:56 - [TEST_STEP][PASSED] - setText(findTestObject("Object Repository/Common Cases Repository/Login/Page_Lightning Step/input_Email_email"), "automation@lightningstep.com"): Text 'automation@lightningstep.com' is set on object 'Object Repository/Common Cases Repository/Login/Page_Lightning Step/input_Email_email'

18-02-2025T10:16:57 - [MESSAGE][PASSED] - Text 'automation@lightningstep.com' is set on object 'Object Repository/Common Cases Repository/Login/Page_Lightning Step/input_Email_email'

18-02-2025T10:16:57 - [TEST_STEP][PASSED] - setEncryptedText(findTestObject("Object Repository/Common Cases Repository/Login/Page_Lightning Step/input_Password_password"), "V35d/XPbheBRvBQ/ALpsoA=="): Text ****** has been set on object 'Object Repository/Common Cases Repository/Login/Page_Lightning Step/input_Password_password'

18-02-2025T10:16:58 - [MESSAGE][PASSED] - Text ****** has been set on object 'Object Repository/Common Cases Repository/Login/Page_Lightning Step/input_Password_password'

18-02-2025T10:16:58 - [TEST_STEP][PASSED] - click(findTestObject("Object Repository/Common Cases Repository/Login/Page_Lightning Step/button_Sign in")): Object: 'Object Repository/Common Cases Repository/Login/Page_Lightning Step/button_Sign in' is clicked on

18-02-2025T10:17:05 - [MESSAGE][PASSED] - Object: 'Object Repository/Common Cases Repository/Login/Page_Lightning Step/button_Sign in' is clicked on

18-02-2025T10:17:05 - [MESSAGE][PASSED] - Call Test Case 'Test Cases/Common Cases/Login' successfully

18-02-2025T10:17:05 - [TEST_STEP][PASSED] - click(findTestObject("Object Repository/Specific Cases Repository/LS/Home/Calendar/Calendar_Events/Calendar_Events_Creation/Event/Page_Home/a_Calendar")): Object: 'Object Repository/Specific Cases Repository/LS/Home/Calendar/Calendar_Events/Calendar_Events_Creation/Event/Page_Home/a_Calendar' is clicked on

18-02-2025T10:17:12 - [MESSAGE][PASSED] - Object: 'Object Repository/Specific Cases Repository/LS/Home/Calendar/Calendar_Events/Calendar_Events_Creation/Event/Page_Home/a_Calendar' is clicked on

18-02-2025T10:17:12 - [TEST_STEP][PASSED] - click(findTestObject("Object Repository/Specific Cases Repository/LS/Home/Calendar/Calendar_Events/Calendar_Events_Creation/Appointment/Page_Calendar/div_Week")): Object: 'Object Repository/Specific Cases Repository/LS/Home/Calendar/Calendar_Events/Calendar_Events_Creation/Appointment/Page_Calendar/div_Week' is clicked on

18-02-2025T10:17:13 - [MESSAGE][PASSED] - Object: 'Object Repository/Specific Cases Repository/LS/Home/Calendar/Calendar_Events/Calendar_Events_Creation/Appointment/Page_Calendar/div_Week' is clicked on

18-02-2025T10:17:13 - [TEST_STEP][PASSED] - click(findTestObject("Object Repository/Specific Cases Repository/LS/Home/Calendar/Calendar_Events/Calendar_Events_Creation/Event/Page_Calendar/button_Create new")): Object: 'Object Repository/Specific Cases Repository/LS/Home/Calendar/Calendar_Events/Calendar_Events_Creation/Event/Page_Calendar/button_Create new' is clicked on

18-02-2025T10:17:14 - [MESSAGE][PASSED] - Object: 'Object Repository/Specific Cases Repository/LS/Home/Calendar/Calendar_Events/Calendar_Events_Creation/Event/Page_Calendar/button_Create new' is clicked on

18-02-2025T10:17:14 - [TEST_STEP][PASSED] - click(findTestObject("Object Repository/Specific Cases Repository/LS/Home/Calendar/Calendar_Events/Calendar_Events_Creation/Event/Page_Calendar/label_Event")): Object: 'Object Repository/Specific Cases Repository/LS/Home/Calendar/Calendar_Events/Calendar_Events_Creation/Event/Page_Calendar/label_Event' is clicked on

18-02-2025T10:17:15 - [MESSAGE][PASSED] - Object: 'Object Repository/Specific Cases Repository/LS/Home/Calendar/Calendar_Events/Calendar_Events_Creation/Event/Page_Calendar/label_Event' is clicked on

18-02-2025T10:17:15 - [TEST_STEP][PASSED] - setText(findTestObject("Object Repository/Specific Cases Repository/LS/Home/Calendar/Calendar_Events/Calendar_Events_Creation/Event/Page_Calendar/input_Title_title_"), "Future Automation Event"): Text 'Future Automation Event' is set on object 'Object Repository/Specific Cases Repository/LS/Home/Calendar/Calendar_Events/Calendar_Events_Creation/Event/Page_Calendar/input_Title_title_'

18-02-2025T10:17:17 - [MESSAGE][PASSED] - Text 'Future Automation Event' is set on object 'Object Repository/Specific Cases Repository/LS/Home/Calendar/Calendar_Events/Calendar_Events_Creation/Event/Page_Calendar/input_Title_title_'

18-02-2025T10:17:17 - [TEST_STEP][PASSED] - click(findTestObject("Object Repository/Specific Cases Repository/LS/Home/Calendar/Calendar_Events/Calendar_Events_Creation/Appointment/Page_Calendar/Date")): Object: 'Object Repository/Specific Cases Repository/LS/Home/Calendar/Calendar_Events/Calendar_Events_Creation/Appointment/Page_Calendar/Date' is clicked on

18-02-2025T10:17:17 - [MESSAGE][PASSED] - Object: 'Object Repository/Specific Cases Repository/LS/Home/Calendar/Calendar_Events/Calendar_Events_Creation/Appointment/Page_Calendar/Date' is clicked on

18-02-2025T10:17:17 - [TEST_STEP][PASSED] - setText(findTestObject("Object Repository/Specific Cases Repository/LS/Home/Calendar/Calendar_Events/Calendar_Events_Creation/Appointment/Page_Calendar/Date"), Next_Week_Date): Text '02/25/2025' is set on object 'Object Repository/Specific Cases Repository/LS/Home/Calendar/Calendar_Events/Calendar_Events_Creation/Appointment/Page_Calendar/Date'

18-02-2025T10:17:18 - [MESSAGE][PASSED] - Text '02/25/2025' is set on object 'Object Repository/Specific Cases Repository/LS/Home/Calendar/Calendar_Events/Calendar_Events_Creation/Appointment/Page_Calendar/Date'

18-02-2025T10:17:18 - [TEST_STEP][PASSED] - click(findTestObject("Object Repository/Specific Cases Repository/LS/Home/Calendar/Calendar_Events/Calendar_Events_Creation/Appointment/Page_Calendar/Start Time Clock")): Object: 'Object Repository/Specific Cases Repository/LS/Home/Calendar/Calendar_Events/Calendar_Events_Creation/Appointment/Page_Calendar/Start Time Clock' is clicked on

18-02-2025T10:17:21 - [MESSAGE][PASSED] - Object: 'Object Repository/Specific Cases Repository/LS/Home/Calendar/Calendar_Events/Calendar_Events_Creation/Appointment/Page_Calendar/Start Time Clock' is clicked on

18-02-2025T10:17:21 - [TEST_STEP][PASSED] - setText(findTestObject("Object Repository/Specific Cases Repository/LS/Home/Calendar/Calendar_Events/Calendar_Events_Creation/Appointment/Page_Calendar/Start Time Clock"), "1400"): Text '1400' is set on object 'Object Repository/Specific Cases Repository/LS/Home/Calendar/Calendar_Events/Calendar_Events_Creation/Appointment/Page_Calendar/Start Time Clock'

18-02-2025T10:17:23 - [MESSAGE][PASSED] - Text '1400' is set on object 'Object Repository/Specific Cases Repository/LS/Home/Calendar/Calendar_Events/Calendar_Events_Creation/Appointment/Page_Calendar/Start Time Clock'

18-02-2025T10:17:23 - [TEST_STEP][PASSED] - click(findTestObject("Object Repository/Specific Cases Repository/LS/Home/Calendar/Calendar_Events/Calendar_Events_Creation/Event/Page_Calendar/div_Schedule                               _3f20bf")): Object: 'Object Repository/Specific Cases Repository/LS/Home/Calendar/Calendar_Events/Calendar_Events_Creation/Event/Page_Calendar/div_Schedule                               _3f20bf' is clicked on

18-02-2025T10:17:24 - [MESSAGE][PASSED] - Object: 'Object Repository/Specific Cases Repository/LS/Home/Calendar/Calendar_Events/Calendar_Events_Creation/Event/Page_Calendar/div_Schedule                               _3f20bf' is clicked on

18-02-2025T10:17:24 - [TEST_STEP][PASSED] - setText(findTestObject("Object Repository/Specific Cases Repository/LS/Home/Calendar/Calendar_Events/Calendar_Events_Creation/Event/Page_Calendar/input_Notes_notes"), "Future Automation Event Note"): Text 'Future Automation Event Note' is set on object 'Object Repository/Specific Cases Repository/LS/Home/Calendar/Calendar_Events/Calendar_Events_Creation/Event/Page_Calendar/input_Notes_notes'

18-02-2025T10:17:26 - [MESSAGE][PASSED] - Text 'Future Automation Event Note' is set on object 'Object Repository/Specific Cases Repository/LS/Home/Calendar/Calendar_Events/Calendar_Events_Creation/Event/Page_Calendar/input_Notes_notes'

18-02-2025T10:17:26 - [TEST_STEP][PASSED] - click(findTestObject("Object Repository/Specific Cases Repository/LS/Home/Calendar/Calendar_Events/Calendar_Events_Creation/Event/Page_Calendar/a_Save")): Object: 'Object Repository/Specific Cases Repository/LS/Home/Calendar/Calendar_Events/Calendar_Events_Creation/Event/Page_Calendar/a_Save' is clicked on

18-02-2025T10:17:27 - [MESSAGE][PASSED] - Object: 'Object Repository/Specific Cases Repository/LS/Home/Calendar/Calendar_Events/Calendar_Events_Creation/Event/Page_Calendar/a_Save' is clicked on

18-02-2025T10:17:27 - [TEST_STEP][PASSED] - click(findTestObject("Specific Cases Repository/LS/Home/Calendar/Calendar_Events/Calendar_Events_Creation/Appointment/Page_Calendar/Next Week Arrow")): Object: 'Object Repository/Specific Cases Repository/LS/Home/Calendar/Calendar_Events/Calendar_Events_Creation/Appointment/Page_Calendar/Next Week Arrow' is clicked on

18-02-2025T10:17:30 - [MESSAGE][PASSED] - Object: 'Object Repository/Specific Cases Repository/LS/Home/Calendar/Calendar_Events/Calendar_Events_Creation/Appointment/Page_Calendar/Next Week Arrow' is clicked on

18-02-2025T10:17:30 - [TEST_STEP][PASSED] - scrollToElement(findTestObject("Specific Cases Repository/LS/Home/Calendar/Calendar_Events/Calendar_Events_Creation/Event/Page_Calendar/a_Automation Event - Future"), 0): Scroll to object 'Object Repository/Specific Cases Repository/LS/Home/Calendar/Calendar_Events/Calendar_Events_Creation/Event/Page_Calendar/a_Automation Event - Future' successfully

18-02-2025T10:17:30 - [MESSAGE][WARNING] - Timeout '0' is invalid. Using default page load timeout: '30'

18-02-2025T10:17:31 - [MESSAGE][PASSED] - Scroll to object 'Object Repository/Specific Cases Repository/LS/Home/Calendar/Calendar_Events/Calendar_Events_Creation/Event/Page_Calendar/a_Automation Event - Future' successfully

18-02-2025T10:17:31 - [TEST_STEP][PASSED] - mouseOver(findTestObject("Specific Cases Repository/LS/Home/Calendar/Calendar_Events/Calendar_Events_Creation/Event/Page_Calendar/a_Automation Event - Future")): Object: 'Object Repository/Specific Cases Repository/LS/Home/Calendar/Calendar_Events/Calendar_Events_Creation/Event/Page_Calendar/a_Automation Event - Future' is hovered

18-02-2025T10:17:32 - [MESSAGE][PASSED] - Object: 'Object Repository/Specific Cases Repository/LS/Home/Calendar/Calendar_Events/Calendar_Events_Creation/Event/Page_Calendar/a_Automation Event - Future' is hovered

18-02-2025T10:17:32 - [TEST_STEP][PASSED] - verifyElementText(findTestObject("Specific Cases Repository/LS/Home/Calendar/Calendar_Events/Calendar_Events_Creation/Event/Page_Calendar/span_Automation Event - Future"), "Future Automation Event"): Actual text and expected text of test object 'Object Repository/Specific Cases Repository/LS/Home/Calendar/Calendar_Events/Calendar_Events_Creation/Event/Page_Calendar/span_Automation Event - Future' are matched.

18-02-2025T10:17:32 - [MESSAGE][PASSED] - Actual text and expected text of test object 'Object Repository/Specific Cases Repository/LS/Home/Calendar/Calendar_Events/Calendar_Events_Creation/Event/Page_Calendar/span_Automation Event - Future' are matched.

18-02-2025T10:17:32 - [TEST_STEP][PASSED] - closeBrowser(): Browser is closed

18-02-2025T10:17:33 - [MESSAGE][PASSED] - Browser is closed]]></system-out>
         <system-err><![CDATA[]]></system-err>
      </testcase>
      <testcase name="Test Cases/Specific Cases/LS/General/Calendar/Events_Creation/Future Events Creation/Future_Calendar_Groups" time="79.191" classname="Test Cases/Specific Cases/LS/General/Calendar/Events_Creation/Future Events Creation/Future_Calendar_Groups" status="PASSED">
         <system-out><![CDATA[18-02-2025T10:17:33 - [TEST_CASE][PASSED] - Test Cases/Specific Cases/LS/General/Calendar/Events_Creation/Future Events Creation/Future_Calendar_Groups: Test Cases/Specific Cases/LS/General/Calendar/Events_Creation/Future Events Creation/Future_Calendar_Groups

18-02-2025T10:17:34 - [TEST_STEP][PASSED] - callTestCase(findTestCase("Common Cases/Login"), [:], STOP_ON_FAILURE): Call Test Case 'Test Cases/Common Cases/Login' successfully

18-02-2025T10:17:34 - [TEST_CASE][PASSED] - Test Cases/Common Cases/Login: Test Cases/Common Cases/Login

18-02-2025T10:17:34 - [TEST_STEP][PASSED] - openBrowser(""): Browser is opened with url: ''

18-02-2025T10:17:34 - [MESSAGE][INFO] - Starting 'Chrome' driver

18-02-2025T10:17:34 - [MESSAGE][INFO] - Action delay is set to 0 milliseconds

18-02-2025T10:17:38 - [MESSAGE][PASSED] - Browser is opened with url: ''

18-02-2025T10:17:38 - [TEST_STEP][PASSED] - maximizeWindow(): Current window maximized

18-02-2025T10:17:38 - [MESSAGE][PASSED] - Current window maximized

18-02-2025T10:17:38 - [TEST_STEP][PASSED] - navigateToUrl("https://site17.lsapp.cloud/auth/login"): Navigate to 'https://site17.lsapp.cloud/auth/login' successfully

18-02-2025T10:17:44 - [MESSAGE][PASSED] - Navigate to 'https://site17.lsapp.cloud/auth/login' successfully

18-02-2025T10:17:44 - [TEST_STEP][PASSED] - setText(findTestObject("Object Repository/Common Cases Repository/Login/Page_Lightning Step/input_Email_email"), "automation@lightningstep.com"): Text 'automation@lightningstep.com' is set on object 'Object Repository/Common Cases Repository/Login/Page_Lightning Step/input_Email_email'

18-02-2025T10:17:46 - [MESSAGE][PASSED] - Text 'automation@lightningstep.com' is set on object 'Object Repository/Common Cases Repository/Login/Page_Lightning Step/input_Email_email'

18-02-2025T10:17:46 - [TEST_STEP][PASSED] - setEncryptedText(findTestObject("Object Repository/Common Cases Repository/Login/Page_Lightning Step/input_Password_password"), "V35d/XPbheBRvBQ/ALpsoA=="): Text ****** has been set on object 'Object Repository/Common Cases Repository/Login/Page_Lightning Step/input_Password_password'

18-02-2025T10:17:46 - [MESSAGE][PASSED] - Text ****** has been set on object 'Object Repository/Common Cases Repository/Login/Page_Lightning Step/input_Password_password'

18-02-2025T10:17:46 - [TEST_STEP][PASSED] - click(findTestObject("Object Repository/Common Cases Repository/Login/Page_Lightning Step/button_Sign in")): Object: 'Object Repository/Common Cases Repository/Login/Page_Lightning Step/button_Sign in' is clicked on

18-02-2025T10:17:54 - [MESSAGE][PASSED] - Object: 'Object Repository/Common Cases Repository/Login/Page_Lightning Step/button_Sign in' is clicked on

18-02-2025T10:17:54 - [MESSAGE][PASSED] - Call Test Case 'Test Cases/Common Cases/Login' successfully

18-02-2025T10:17:54 - [TEST_STEP][PASSED] - click(findTestObject("Object Repository/Specific Cases Repository/LS/Home/Calendar/Calendar_Events/Calendar_Events_Creation/Group/Page_Home/a_Calendar")): Object: 'Object Repository/Specific Cases Repository/LS/Home/Calendar/Calendar_Events/Calendar_Events_Creation/Group/Page_Home/a_Calendar' is clicked on

18-02-2025T10:18:03 - [MESSAGE][PASSED] - Object: 'Object Repository/Specific Cases Repository/LS/Home/Calendar/Calendar_Events/Calendar_Events_Creation/Group/Page_Home/a_Calendar' is clicked on

18-02-2025T10:18:03 - [TEST_STEP][PASSED] - click(findTestObject("Object Repository/Specific Cases Repository/LS/Home/Calendar/Calendar_Events/Calendar_Events_Creation/Appointment/Page_Calendar/div_Week")): Object: 'Object Repository/Specific Cases Repository/LS/Home/Calendar/Calendar_Events/Calendar_Events_Creation/Appointment/Page_Calendar/div_Week' is clicked on

18-02-2025T10:18:05 - [MESSAGE][PASSED] - Object: 'Object Repository/Specific Cases Repository/LS/Home/Calendar/Calendar_Events/Calendar_Events_Creation/Appointment/Page_Calendar/div_Week' is clicked on

18-02-2025T10:18:05 - [TEST_STEP][PASSED] - click(findTestObject("Object Repository/Specific Cases Repository/LS/Home/Calendar/Calendar_Events/Calendar_Events_Creation/Page_Calendar/button_Create new")): Object: 'Object Repository/Specific Cases Repository/LS/Home/Calendar/Calendar_Events/Calendar_Events_Creation/Page_Calendar/button_Create new' is clicked on

18-02-2025T10:18:07 - [MESSAGE][PASSED] - Object: 'Object Repository/Specific Cases Repository/LS/Home/Calendar/Calendar_Events/Calendar_Events_Creation/Page_Calendar/button_Create new' is clicked on

18-02-2025T10:18:07 - [TEST_STEP][PASSED] - click(findTestObject("Object Repository/Specific Cases Repository/LS/Home/Calendar/Calendar_Events/Calendar_Events_Creation/Page_Calendar/label_Group")): Object: 'Object Repository/Specific Cases Repository/LS/Home/Calendar/Calendar_Events/Calendar_Events_Creation/Page_Calendar/label_Group' is clicked on

18-02-2025T10:18:08 - [MESSAGE][PASSED] - Object: 'Object Repository/Specific Cases Repository/LS/Home/Calendar/Calendar_Events/Calendar_Events_Creation/Page_Calendar/label_Group' is clicked on

18-02-2025T10:18:08 - [TEST_STEP][PASSED] - click(findTestObject("Object Repository/Specific Cases Repository/LS/Home/Calendar/Calendar_Events/Calendar_Events_Creation/Page_Calendar/Groups Selector")): Object: 'Object Repository/Specific Cases Repository/LS/Home/Calendar/Calendar_Events/Calendar_Events_Creation/Page_Calendar/Groups Selector' is clicked on

18-02-2025T10:18:10 - [MESSAGE][PASSED] - Object: 'Object Repository/Specific Cases Repository/LS/Home/Calendar/Calendar_Events/Calendar_Events_Creation/Page_Calendar/Groups Selector' is clicked on

18-02-2025T10:18:10 - [TEST_STEP][PASSED] - click(findTestObject("Object Repository/Specific Cases Repository/LS/Home/Calendar/Calendar_Events/Calendar_Events_Creation/Page_Calendar/a_Cancel")): Object: 'Object Repository/Specific Cases Repository/LS/Home/Calendar/Calendar_Events/Calendar_Events_Creation/Page_Calendar/a_Cancel' is clicked on

18-02-2025T10:18:11 - [MESSAGE][PASSED] - Object: 'Object Repository/Specific Cases Repository/LS/Home/Calendar/Calendar_Events/Calendar_Events_Creation/Page_Calendar/a_Cancel' is clicked on

18-02-2025T10:18:11 - [TEST_STEP][PASSED] - click(findTestObject("Object Repository/Specific Cases Repository/LS/Home/Calendar/Calendar_Events/Calendar_Events_Creation/Page_Calendar/button_Create new")): Object: 'Object Repository/Specific Cases Repository/LS/Home/Calendar/Calendar_Events/Calendar_Events_Creation/Page_Calendar/button_Create new' is clicked on

18-02-2025T10:18:13 - [MESSAGE][PASSED] - Object: 'Object Repository/Specific Cases Repository/LS/Home/Calendar/Calendar_Events/Calendar_Events_Creation/Page_Calendar/button_Create new' is clicked on

18-02-2025T10:18:13 - [TEST_STEP][PASSED] - click(findTestObject("Object Repository/Specific Cases Repository/LS/Home/Calendar/Calendar_Events/Calendar_Events_Creation/Page_Calendar/label_Group")): Object: 'Object Repository/Specific Cases Repository/LS/Home/Calendar/Calendar_Events/Calendar_Events_Creation/Page_Calendar/label_Group' is clicked on

18-02-2025T10:18:14 - [MESSAGE][PASSED] - Object: 'Object Repository/Specific Cases Repository/LS/Home/Calendar/Calendar_Events/Calendar_Events_Creation/Page_Calendar/label_Group' is clicked on

18-02-2025T10:18:14 - [TEST_STEP][PASSED] - click(findTestObject("Object Repository/Specific Cases Repository/LS/Home/Calendar/Calendar_Events/Calendar_Events_Creation/Page_Calendar/label_Group")): Object: 'Object Repository/Specific Cases Repository/LS/Home/Calendar/Calendar_Events/Calendar_Events_Creation/Page_Calendar/label_Group' is clicked on

18-02-2025T10:18:15 - [MESSAGE][PASSED] - Object: 'Object Repository/Specific Cases Repository/LS/Home/Calendar/Calendar_Events/Calendar_Events_Creation/Page_Calendar/label_Group' is clicked on

18-02-2025T10:18:15 - [TEST_STEP][PASSED] - click(findTestObject("Object Repository/Specific Cases Repository/LS/Home/Calendar/Calendar_Events/Calendar_Events_Creation/Page_Calendar/Groups Selector")): Object: 'Object Repository/Specific Cases Repository/LS/Home/Calendar/Calendar_Events/Calendar_Events_Creation/Page_Calendar/Groups Selector' is clicked on

18-02-2025T10:18:17 - [MESSAGE][PASSED] - Object: 'Object Repository/Specific Cases Repository/LS/Home/Calendar/Calendar_Events/Calendar_Events_Creation/Page_Calendar/Groups Selector' is clicked on

18-02-2025T10:18:17 - [TEST_STEP][PASSED] - clickOffset(findTestObject("Object Repository/Specific Cases Repository/LS/Home/Calendar/Calendar_Events/Calendar_Events_Creation/Page_Calendar/Groups Selector"), 0, 120): Object: 'Object Repository/Specific Cases Repository/LS/Home/Calendar/Calendar_Events/Calendar_Events_Creation/Page_Calendar/Groups Selector' is clicked on using offset x=0 and y=120

18-02-2025T10:18:17 - [MESSAGE][PASSED] - Object: 'Object Repository/Specific Cases Repository/LS/Home/Calendar/Calendar_Events/Calendar_Events_Creation/Page_Calendar/Groups Selector' is clicked on using offset x=0 and y=120

18-02-2025T10:18:17 - [TEST_STEP][PASSED] - click(findTestObject("Specific Cases Repository/LS/Home/Calendar/Calendar_Events/Calendar_Events_Creation/Group/Page_Calendar/Date Warning")): Object: 'Object Repository/Specific Cases Repository/LS/Home/Calendar/Calendar_Events/Calendar_Events_Creation/Group/Page_Calendar/Date Warning' is clicked on

18-02-2025T10:18:19 - [MESSAGE][PASSED] - Object: 'Object Repository/Specific Cases Repository/LS/Home/Calendar/Calendar_Events/Calendar_Events_Creation/Group/Page_Calendar/Date Warning' is clicked on

18-02-2025T10:18:19 - [TEST_STEP][PASSED] - setText(findTestObject("Object Repository/Specific Cases Repository/LS/Home/Calendar/Calendar_Events/Calendar_Events_Creation/Page_Calendar/input_Title_title_"), "1.2 Automatically Enroll Clients in Selected Location/Program(s) : Select Content"): Text '1.2 Automatically Enroll Clients in Selected Location/Program(s) : Select Content' is set on object 'Object Repository/Specific Cases Repository/LS/Home/Calendar/Calendar_Events/Calendar_Events_Creation/Page_Calendar/input_Title_title_'

18-02-2025T10:18:21 - [MESSAGE][PASSED] - Text '1.2 Automatically Enroll Clients in Selected Location/Program(s) : Select Content' is set on object 'Object Repository/Specific Cases Repository/LS/Home/Calendar/Calendar_Events/Calendar_Events_Creation/Page_Calendar/input_Title_title_'

18-02-2025T10:18:21 - [TEST_STEP][PASSED] - click(findTestObject("Object Repository/Specific Cases Repository/LS/Home/Calendar/Calendar_Events/Calendar_Events_Creation/Page_Calendar/Date")): Object: 'Object Repository/Specific Cases Repository/LS/Home/Calendar/Calendar_Events/Calendar_Events_Creation/Page_Calendar/Date' is clicked on

18-02-2025T10:18:21 - [MESSAGE][PASSED] - Object: 'Object Repository/Specific Cases Repository/LS/Home/Calendar/Calendar_Events/Calendar_Events_Creation/Page_Calendar/Date' is clicked on

18-02-2025T10:18:21 - [TEST_STEP][PASSED] - setText(findTestObject("Object Repository/Specific Cases Repository/LS/Home/Calendar/Calendar_Events/Calendar_Events_Creation/Page_Calendar/Date"), Next_Week_Date): Text '02/25/2025' is set on object 'Object Repository/Specific Cases Repository/LS/Home/Calendar/Calendar_Events/Calendar_Events_Creation/Page_Calendar/Date'

18-02-2025T10:18:22 - [MESSAGE][PASSED] - Text '02/25/2025' is set on object 'Object Repository/Specific Cases Repository/LS/Home/Calendar/Calendar_Events/Calendar_Events_Creation/Page_Calendar/Date'

18-02-2025T10:18:22 - [TEST_STEP][PASSED] - click(findTestObject("Object Repository/Specific Cases Repository/LS/Home/Calendar/Calendar_Events/Calendar_Events_Creation/Page_Calendar/Start Time")): Object: 'Object Repository/Specific Cases Repository/LS/Home/Calendar/Calendar_Events/Calendar_Events_Creation/Page_Calendar/Start Time' is clicked on

18-02-2025T10:18:25 - [MESSAGE][PASSED] - Object: 'Object Repository/Specific Cases Repository/LS/Home/Calendar/Calendar_Events/Calendar_Events_Creation/Page_Calendar/Start Time' is clicked on

18-02-2025T10:18:25 - [TEST_STEP][PASSED] - setText(findTestObject("Object Repository/Specific Cases Repository/LS/Home/Calendar/Calendar_Events/Calendar_Events_Creation/Page_Calendar/Start Time"), "1300"): Text '1300' is set on object 'Object Repository/Specific Cases Repository/LS/Home/Calendar/Calendar_Events/Calendar_Events_Creation/Page_Calendar/Start Time'

18-02-2025T10:18:26 - [MESSAGE][PASSED] - Text '1300' is set on object 'Object Repository/Specific Cases Repository/LS/Home/Calendar/Calendar_Events/Calendar_Events_Creation/Page_Calendar/Start Time'

18-02-2025T10:18:26 - [TEST_STEP][PASSED] - click(findTestObject("Object Repository/Specific Cases Repository/LS/Home/Calendar/Calendar_Events/Calendar_Events_Creation/Page_Calendar/End Time")): Object: 'Object Repository/Specific Cases Repository/LS/Home/Calendar/Calendar_Events/Calendar_Events_Creation/Page_Calendar/End Time' is clicked on

18-02-2025T10:18:27 - [MESSAGE][PASSED] - Object: 'Object Repository/Specific Cases Repository/LS/Home/Calendar/Calendar_Events/Calendar_Events_Creation/Page_Calendar/End Time' is clicked on

18-02-2025T10:18:27 - [TEST_STEP][PASSED] - setText(findTestObject("Object Repository/Specific Cases Repository/LS/Home/Calendar/Calendar_Events/Calendar_Events_Creation/Page_Calendar/End Time"), "1400"): Text '1400' is set on object 'Object Repository/Specific Cases Repository/LS/Home/Calendar/Calendar_Events/Calendar_Events_Creation/Page_Calendar/End Time'

18-02-2025T10:18:29 - [MESSAGE][PASSED] - Text '1400' is set on object 'Object Repository/Specific Cases Repository/LS/Home/Calendar/Calendar_Events/Calendar_Events_Creation/Page_Calendar/End Time'

18-02-2025T10:18:29 - [TEST_STEP][PASSED] - click(findTestObject("Object Repository/Specific Cases Repository/LS/Home/Calendar/Calendar_Events/Calendar_Events_Creation/Page_Calendar/Groups Selector")): Object: 'Object Repository/Specific Cases Repository/LS/Home/Calendar/Calendar_Events/Calendar_Events_Creation/Page_Calendar/Groups Selector' is clicked on

18-02-2025T10:18:31 - [MESSAGE][PASSED] - Object: 'Object Repository/Specific Cases Repository/LS/Home/Calendar/Calendar_Events/Calendar_Events_Creation/Page_Calendar/Groups Selector' is clicked on

18-02-2025T10:18:31 - [TEST_STEP][PASSED] - clickOffset(findTestObject("Object Repository/Specific Cases Repository/LS/Home/Calendar/Calendar_Events/Calendar_Events_Creation/Page_Calendar/Groups Selector"), 0, 200): Object: 'Object Repository/Specific Cases Repository/LS/Home/Calendar/Calendar_Events/Calendar_Events_Creation/Page_Calendar/Groups Selector' is clicked on using offset x=0 and y=200

18-02-2025T10:18:31 - [MESSAGE][PASSED] - Object: 'Object Repository/Specific Cases Repository/LS/Home/Calendar/Calendar_Events/Calendar_Events_Creation/Page_Calendar/Groups Selector' is clicked on using offset x=0 and y=200

18-02-2025T10:18:31 - [TEST_STEP][PASSED] - click(findTestObject("Object Repository/Specific Cases Repository/LS/Home/Calendar/Calendar_Events/Calendar_Events_Creation/Page_Calendar/span_Select Clients")): Object: 'Object Repository/Specific Cases Repository/LS/Home/Calendar/Calendar_Events/Calendar_Events_Creation/Page_Calendar/span_Select Clients' is clicked on

18-02-2025T10:18:33 - [MESSAGE][PASSED] - Object: 'Object Repository/Specific Cases Repository/LS/Home/Calendar/Calendar_Events/Calendar_Events_Creation/Page_Calendar/span_Select Clients' is clicked on

18-02-2025T10:18:33 - [TEST_STEP][PASSED] - click(findTestObject("Object Repository/Specific Cases Repository/LS/Home/Calendar/Calendar_Events/Calendar_Events_Creation/Page_Calendar/label_C Automation, C Client MR 24-11008")): Object: 'Object Repository/Specific Cases Repository/LS/Home/Calendar/Calendar_Events/Calendar_Events_Creation/Page_Calendar/label_C Automation, C Client MR 24-11008' is clicked on

18-02-2025T10:18:34 - [MESSAGE][PASSED] - Object: 'Object Repository/Specific Cases Repository/LS/Home/Calendar/Calendar_Events/Calendar_Events_Creation/Page_Calendar/label_C Automation, C Client MR 24-11008' is clicked on

18-02-2025T10:18:34 - [TEST_STEP][PASSED] - click(findTestObject("Object Repository/Specific Cases Repository/LS/Home/Calendar/Calendar_Events/Calendar_Events_Creation/Page_Calendar/label_B Automation, B Client MR 24-11007")): Object: 'Object Repository/Specific Cases Repository/LS/Home/Calendar/Calendar_Events/Calendar_Events_Creation/Page_Calendar/label_B Automation, B Client MR 24-11007' is clicked on

18-02-2025T10:18:36 - [MESSAGE][PASSED] - Object: 'Object Repository/Specific Cases Repository/LS/Home/Calendar/Calendar_Events/Calendar_Events_Creation/Page_Calendar/label_B Automation, B Client MR 24-11007' is clicked on

18-02-2025T10:18:36 - [TEST_STEP][PASSED] - click(findTestObject("Object Repository/Specific Cases Repository/LS/Home/Calendar/Calendar_Events/Calendar_Events_Creation/Page_Calendar/View Enrolled Patients")): Object: 'Object Repository/Specific Cases Repository/LS/Home/Calendar/Calendar_Events/Calendar_Events_Creation/Page_Calendar/View Enrolled Patients' is clicked on

18-02-2025T10:18:37 - [MESSAGE][PASSED] - Object: 'Object Repository/Specific Cases Repository/LS/Home/Calendar/Calendar_Events/Calendar_Events_Creation/Page_Calendar/View Enrolled Patients' is clicked on

18-02-2025T10:18:37 - [TEST_STEP][PASSED] - verifyElementText(findTestObject("Object Repository/Specific Cases Repository/LS/Home/Calendar/Calendar_Events/Calendar_Events_Creation/Page_Calendar/td_C Automation, C Client MR 24-11008"), "C Automation, C Client MR# 24-11008"): Actual text and expected text of test object 'Object Repository/Specific Cases Repository/LS/Home/Calendar/Calendar_Events/Calendar_Events_Creation/Page_Calendar/td_C Automation, C Client MR 24-11008' are matched.

18-02-2025T10:18:37 - [MESSAGE][PASSED] - Actual text and expected text of test object 'Object Repository/Specific Cases Repository/LS/Home/Calendar/Calendar_Events/Calendar_Events_Creation/Page_Calendar/td_C Automation, C Client MR 24-11008' are matched.

18-02-2025T10:18:37 - [TEST_STEP][PASSED] - verifyElementText(findTestObject("Object Repository/Specific Cases Repository/LS/Home/Calendar/Calendar_Events/Calendar_Events_Creation/Page_Calendar/td_B Automation, B Client MR 24-11007"), "B Automation, B Client MR# 24-11007"): Actual text and expected text of test object 'Object Repository/Specific Cases Repository/LS/Home/Calendar/Calendar_Events/Calendar_Events_Creation/Page_Calendar/td_B Automation, B Client MR 24-11007' are matched.

18-02-2025T10:18:37 - [MESSAGE][PASSED] - Actual text and expected text of test object 'Object Repository/Specific Cases Repository/LS/Home/Calendar/Calendar_Events/Calendar_Events_Creation/Page_Calendar/td_B Automation, B Client MR 24-11007' are matched.

18-02-2025T10:18:37 - [TEST_STEP][PASSED] - click(findTestObject("Object Repository/Specific Cases Repository/LS/Home/Calendar/Calendar_Events/Calendar_Events_Creation/Page_Calendar/View Enrolled Patients")): Object: 'Object Repository/Specific Cases Repository/LS/Home/Calendar/Calendar_Events/Calendar_Events_Creation/Page_Calendar/View Enrolled Patients' is clicked on

18-02-2025T10:18:38 - [MESSAGE][PASSED] - Object: 'Object Repository/Specific Cases Repository/LS/Home/Calendar/Calendar_Events/Calendar_Events_Creation/Page_Calendar/View Enrolled Patients' is clicked on

18-02-2025T10:18:38 - [TEST_STEP][PASSED] - scrollToElement(findTestObject("Object Repository/Specific Cases Repository/LS/Home/Calendar/Calendar_Events/Calendar_Events_Creation/Page_Calendar/a_Save"), 0): Scroll to object 'Object Repository/Specific Cases Repository/LS/Home/Calendar/Calendar_Events/Calendar_Events_Creation/Page_Calendar/a_Save' successfully

18-02-2025T10:18:38 - [MESSAGE][WARNING] - Timeout '0' is invalid. Using default page load timeout: '30'

18-02-2025T10:18:38 - [MESSAGE][PASSED] - Scroll to object 'Object Repository/Specific Cases Repository/LS/Home/Calendar/Calendar_Events/Calendar_Events_Creation/Page_Calendar/a_Save' successfully

18-02-2025T10:18:38 - [TEST_STEP][PASSED] - click(findTestObject("Object Repository/Specific Cases Repository/LS/Home/Calendar/Calendar_Events/Calendar_Events_Creation/Page_Calendar/a_Save")): Object: 'Object Repository/Specific Cases Repository/LS/Home/Calendar/Calendar_Events/Calendar_Events_Creation/Page_Calendar/a_Save' is clicked on

18-02-2025T10:18:39 - [MESSAGE][PASSED] - Object: 'Object Repository/Specific Cases Repository/LS/Home/Calendar/Calendar_Events/Calendar_Events_Creation/Page_Calendar/a_Save' is clicked on

18-02-2025T10:18:39 - [TEST_STEP][PASSED] - click(findTestObject("Object Repository/Specific Cases Repository/LS/Home/Calendar/Calendar_Events/Calendar_Events_Creation/Appointment/Page_Calendar/Next Week Arrow")): Object: 'Object Repository/Specific Cases Repository/LS/Home/Calendar/Calendar_Events/Calendar_Events_Creation/Appointment/Page_Calendar/Next Week Arrow' is clicked on

18-02-2025T10:18:41 - [MESSAGE][PASSED] - Object: 'Object Repository/Specific Cases Repository/LS/Home/Calendar/Calendar_Events/Calendar_Events_Creation/Appointment/Page_Calendar/Next Week Arrow' is clicked on

18-02-2025T10:18:41 - [TEST_STEP][PASSED] - waitForPageLoad(30): Wait for page load successfully

18-02-2025T10:18:41 - [MESSAGE][PASSED] - Wait for page load successfully

18-02-2025T10:18:41 - [TEST_STEP][PASSED] - click(findTestObject("Object Repository/Specific Cases Repository/LS/Home/Calendar/Calendar_Events/Calendar_Events_Creation/Page_Calendar/Calendar Event - Future")): Object: 'Object Repository/Specific Cases Repository/LS/Home/Calendar/Calendar_Events/Calendar_Events_Creation/Page_Calendar/Calendar Event - Future' is clicked on

18-02-2025T10:18:43 - [MESSAGE][PASSED] - Object: 'Object Repository/Specific Cases Repository/LS/Home/Calendar/Calendar_Events/Calendar_Events_Creation/Page_Calendar/Calendar Event - Future' is clicked on

18-02-2025T10:18:43 - [TEST_STEP][PASSED] - setText(findTestObject("Object Repository/Specific Cases Repository/LS/Home/Calendar/Calendar_Events/Calendar_Events_Creation/Page_Calendar/input_Title_title_edit"), "Future Automation Test 1.2 Automatically Enroll Clients in Selected Location/Program(s)"): Text 'Future Automation Test 1.2 Automatically Enroll Clients in Selected Location/Program(s)' is set on object 'Object Repository/Specific Cases Repository/LS/Home/Calendar/Calendar_Events/Calendar_Events_Creation/Page_Calendar/input_Title_title_edit'

18-02-2025T10:18:46 - [MESSAGE][PASSED] - Text 'Future Automation Test 1.2 Automatically Enroll Clients in Selected Location/Program(s)' is set on object 'Object Repository/Specific Cases Repository/LS/Home/Calendar/Calendar_Events/Calendar_Events_Creation/Page_Calendar/input_Title_title_edit'

18-02-2025T10:18:46 - [TEST_STEP][PASSED] - verifyElementText(findTestObject("Object Repository/Specific Cases Repository/LS/Home/Calendar/Calendar_Events/Calendar_Events_Creation/Page_Calendar/label_Start Group Session"), "Start Group Session"): Actual text and expected text of test object 'Object Repository/Specific Cases Repository/LS/Home/Calendar/Calendar_Events/Calendar_Events_Creation/Page_Calendar/label_Start Group Session' are matched.

18-02-2025T10:18:46 - [MESSAGE][PASSED] - Actual text and expected text of test object 'Object Repository/Specific Cases Repository/LS/Home/Calendar/Calendar_Events/Calendar_Events_Creation/Page_Calendar/label_Start Group Session' are matched.

18-02-2025T10:18:46 - [TEST_STEP][PASSED] - verifyElementPresent(findTestObject("Object Repository/Specific Cases Repository/LS/Home/Calendar/Calendar_Events/Calendar_Events_Creation/Page_Calendar/input_Start Group Session_isdocumentedgroup"), 0): Object 'Object Repository/Specific Cases Repository/LS/Home/Calendar/Calendar_Events/Calendar_Events_Creation/Page_Calendar/input_Start Group Session_isdocumentedgroup' is present

18-02-2025T10:18:46 - [MESSAGE][WARNING] - Timeout '0' is invalid. Using default page load timeout: '30'

18-02-2025T10:18:47 - [MESSAGE][PASSED] - Object 'Object Repository/Specific Cases Repository/LS/Home/Calendar/Calendar_Events/Calendar_Events_Creation/Page_Calendar/input_Start Group Session_isdocumentedgroup' is present

18-02-2025T10:18:47 - [TEST_STEP][PASSED] - click(findTestObject("Object Repository/Specific Cases Repository/LS/Home/Calendar/Calendar_Events/Calendar_Events_Creation/Page_Calendar/a_Save Revision")): Object: 'Object Repository/Specific Cases Repository/LS/Home/Calendar/Calendar_Events/Calendar_Events_Creation/Page_Calendar/a_Save Revision' is clicked on

18-02-2025T10:18:47 - [MESSAGE][PASSED] - Object: 'Object Repository/Specific Cases Repository/LS/Home/Calendar/Calendar_Events/Calendar_Events_Creation/Page_Calendar/a_Save Revision' is clicked on

18-02-2025T10:18:47 - [TEST_STEP][PASSED] - mouseOver(findTestObject("Object Repository/Specific Cases Repository/LS/Home/Calendar/Calendar_Events/Calendar_Events_Creation/Page_Calendar/Calendar Event - Future")): Object: 'Object Repository/Specific Cases Repository/LS/Home/Calendar/Calendar_Events/Calendar_Events_Creation/Page_Calendar/Calendar Event - Future' is hovered

18-02-2025T10:18:50 - [MESSAGE][PASSED] - Object: 'Object Repository/Specific Cases Repository/LS/Home/Calendar/Calendar_Events/Calendar_Events_Creation/Page_Calendar/Calendar Event - Future' is hovered

18-02-2025T10:18:50 - [TEST_STEP][PASSED] - verifyElementText(findTestObject("Object Repository/Specific Cases Repository/LS/Home/Calendar/Calendar_Events/Calendar_Events_Creation/Page_Calendar/span_Automation Test 1.2 Automatically Enro_f39ad6 - Future"), "Future Automation Test 1.2 Automatically Enroll Clients in Selected Location/Program(s)"): Actual text and expected text of test object 'Object Repository/Specific Cases Repository/LS/Home/Calendar/Calendar_Events/Calendar_Events_Creation/Page_Calendar/span_Automation Test 1.2 Automatically Enro_f39ad6 - Future' are matched.

18-02-2025T10:18:50 - [MESSAGE][PASSED] - Actual text and expected text of test object 'Object Repository/Specific Cases Repository/LS/Home/Calendar/Calendar_Events/Calendar_Events_Creation/Page_Calendar/span_Automation Test 1.2 Automatically Enro_f39ad6 - Future' are matched.

18-02-2025T10:18:50 - [TEST_STEP][PASSED] - closeBrowser(): Browser is closed

18-02-2025T10:18:52 - [MESSAGE][PASSED] - Browser is closed]]></system-out>
         <system-err><![CDATA[]]></system-err>
      </testcase>
      <testcase name="Test Cases/Specific Cases/LS/General/Calendar/Events_Creation/Past Events Creation/Past_Calendar_Appointment" time="62.19" classname="Test Cases/Specific Cases/LS/General/Calendar/Events_Creation/Past Events Creation/Past_Calendar_Appointment" status="PASSED">
         <system-out><![CDATA[18-02-2025T10:18:52 - [TEST_CASE][PASSED] - Test Cases/Specific Cases/LS/General/Calendar/Events_Creation/Past Events Creation/Past_Calendar_Appointment: Test Cases/Specific Cases/LS/General/Calendar/Events_Creation/Past Events Creation/Past_Calendar_Appointment

18-02-2025T10:18:53 - [TEST_STEP][PASSED] - callTestCase(findTestCase("Common Cases/Login"), [:], STOP_ON_FAILURE): Call Test Case 'Test Cases/Common Cases/Login' successfully

18-02-2025T10:18:53 - [TEST_CASE][PASSED] - Test Cases/Common Cases/Login: Test Cases/Common Cases/Login

18-02-2025T10:18:53 - [TEST_STEP][PASSED] - openBrowser(""): Browser is opened with url: ''

18-02-2025T10:18:53 - [MESSAGE][INFO] - Starting 'Chrome' driver

18-02-2025T10:18:53 - [MESSAGE][INFO] - Action delay is set to 0 milliseconds

18-02-2025T10:18:55 - [MESSAGE][PASSED] - Browser is opened with url: ''

18-02-2025T10:18:55 - [TEST_STEP][PASSED] - maximizeWindow(): Current window maximized

18-02-2025T10:18:55 - [MESSAGE][PASSED] - Current window maximized

18-02-2025T10:18:55 - [TEST_STEP][PASSED] - navigateToUrl("https://site17.lsapp.cloud/auth/login"): Navigate to 'https://site17.lsapp.cloud/auth/login' successfully

18-02-2025T10:18:56 - [MESSAGE][PASSED] - Navigate to 'https://site17.lsapp.cloud/auth/login' successfully

18-02-2025T10:18:56 - [TEST_STEP][PASSED] - setText(findTestObject("Object Repository/Common Cases Repository/Login/Page_Lightning Step/input_Email_email"), "automation@lightningstep.com"): Text 'automation@lightningstep.com' is set on object 'Object Repository/Common Cases Repository/Login/Page_Lightning Step/input_Email_email'

18-02-2025T10:19:00 - [MESSAGE][PASSED] - Text 'automation@lightningstep.com' is set on object 'Object Repository/Common Cases Repository/Login/Page_Lightning Step/input_Email_email'

18-02-2025T10:19:00 - [TEST_STEP][PASSED] - setEncryptedText(findTestObject("Object Repository/Common Cases Repository/Login/Page_Lightning Step/input_Password_password"), "V35d/XPbheBRvBQ/ALpsoA=="): Text ****** has been set on object 'Object Repository/Common Cases Repository/Login/Page_Lightning Step/input_Password_password'

18-02-2025T10:19:00 - [MESSAGE][PASSED] - Text ****** has been set on object 'Object Repository/Common Cases Repository/Login/Page_Lightning Step/input_Password_password'

18-02-2025T10:19:00 - [TEST_STEP][PASSED] - click(findTestObject("Object Repository/Common Cases Repository/Login/Page_Lightning Step/button_Sign in")): Object: 'Object Repository/Common Cases Repository/Login/Page_Lightning Step/button_Sign in' is clicked on

18-02-2025T10:19:08 - [MESSAGE][PASSED] - Object: 'Object Repository/Common Cases Repository/Login/Page_Lightning Step/button_Sign in' is clicked on

18-02-2025T10:19:08 - [MESSAGE][PASSED] - Call Test Case 'Test Cases/Common Cases/Login' successfully

18-02-2025T10:19:08 - [TEST_STEP][PASSED] - click(findTestObject("Object Repository/Specific Cases Repository/LS/Home/Calendar/Calendar_Events/Calendar_Events_Creation/Page_Home/a_Calendar")): Object: 'Object Repository/Specific Cases Repository/LS/Home/Calendar/Calendar_Events/Calendar_Events_Creation/Page_Home/a_Calendar' is clicked on

18-02-2025T10:19:17 - [MESSAGE][PASSED] - Object: 'Object Repository/Specific Cases Repository/LS/Home/Calendar/Calendar_Events/Calendar_Events_Creation/Page_Home/a_Calendar' is clicked on

18-02-2025T10:19:17 - [TEST_STEP][PASSED] - click(findTestObject("Object Repository/Specific Cases Repository/LS/Home/Calendar/Calendar_Events/Calendar_Events_Creation/Appointment/Page_Calendar/div_Week")): Object: 'Object Repository/Specific Cases Repository/LS/Home/Calendar/Calendar_Events/Calendar_Events_Creation/Appointment/Page_Calendar/div_Week' is clicked on

18-02-2025T10:19:19 - [MESSAGE][PASSED] - Object: 'Object Repository/Specific Cases Repository/LS/Home/Calendar/Calendar_Events/Calendar_Events_Creation/Appointment/Page_Calendar/div_Week' is clicked on

[...]
         <system-out><![CDATA[18-02-2025T10:27:20 - [TEST_CASE][PASSED] - Test Cases/Specific Cases/LS/General/Calendar/Events_Edit/Edit_Block: Test Cases/Specific Cases/LS/General/Calendar/Events_Edit/Edit_Block

18-02-2025T10:27:21 - [TEST_STEP][PASSED] - callTestCase(findTestCase("Common Cases/Login"), [:], STOP_ON_FAILURE): Call Test Case 'Test Cases/Common Cases/Login' successfully

18-02-2025T10:27:21 - [TEST_CASE][PASSED] - Test Cases/Common Cases/Login: Test Cases/Common Cases/Login

18-02-2025T10:27:21 - [TEST_STEP][PASSED] - openBrowser(""): Browser is opened with url: ''

18-02-2025T10:27:21 - [MESSAGE][INFO] - Starting 'Chrome' driver

18-02-2025T10:27:21 - [MESSAGE][INFO] - Action delay is set to 0 milliseconds

18-02-2025T10:27:23 - [MESSAGE][PASSED] - Browser is opened with url: ''

18-02-2025T10:27:23 - [TEST_STEP][PASSED] - maximizeWindow(): Current window maximized

18-02-2025T10:27:23 - [MESSAGE][PASSED] - Current window maximized

18-02-2025T10:27:23 - [TEST_STEP][PASSED] - navigateToUrl("https://site17.lsapp.cloud/auth/login"): Navigate to 'https://site17.lsapp.cloud/auth/login' successfully

18-02-2025T10:27:24 - [MESSAGE][PASSED] - Navigate to 'https://site17.lsapp.cloud/auth/login' successfully

18-02-2025T10:27:24 - [TEST_STEP][PASSED] - setText(findTestObject("Object Repository/Common Cases Repository/Login/Page_Lightning Step/input_Email_email"), "automation@lightningstep.com"): Text 'automation@lightningstep.com' is set on object 'Object Repository/Common Cases Repository/Login/Page_Lightning Step/input_Email_email'

18-02-2025T10:27:35 - [MESSAGE][PASSED] - Text 'automation@lightningstep.com' is set on object 'Object Repository/Common Cases Repository/Login/Page_Lightning Step/input_Email_email'

18-02-2025T10:27:35 - [TEST_STEP][PASSED] - setEncryptedText(findTestObject("Object Repository/Common Cases Repository/Login/Page_Lightning Step/input_Password_password"), "V35d/XPbheBRvBQ/ALpsoA=="): Text ****** has been set on object 'Object Repository/Common Cases Repository/Login/Page_Lightning Step/input_Password_password'

18-02-2025T10:27:36 - [MESSAGE][PASSED] - Text ****** has been set on object 'Object Repository/Common Cases Repository/Login/Page_Lightning Step/input_Password_password'

18-02-2025T10:27:36 - [TEST_STEP][PASSED] - click(findTestObject("Object Repository/Common Cases Repository/Login/Page_Lightning Step/button_Sign in")): Object: 'Object Repository/Common Cases Repository/Login/Page_Lightning Step/button_Sign in' is clicked on

18-02-2025T10:27:50 - [MESSAGE][PASSED] - Object: 'Object Repository/Common Cases Repository/Login/Page_Lightning Step/button_Sign in' is clicked on

18-02-2025T10:27:50 - [MESSAGE][PASSED] - Call Test Case 'Test Cases/Common Cases/Login' successfully

18-02-2025T10:27:50 - [TEST_STEP][PASSED] - click(findTestObject("Object Repository/Specific Cases Repository/LS/Home/Calendar/Calendar_Events/Calendar_Events_Creation/Block/Page_Home/a_Calendar")): Object: 'Object Repository/Specific Cases Repository/LS/Home/Calendar/Calendar_Events/Calendar_Events_Creation/Block/Page_Home/a_Calendar' is clicked on

18-02-2025T10:27:55 - [MESSAGE][PASSED] - Object: 'Object Repository/Specific Cases Repository/LS/Home/Calendar/Calendar_Events/Calendar_Events_Creation/Block/Page_Home/a_Calendar' is clicked on

18-02-2025T10:27:55 - [TEST_STEP][PASSED] - click(findTestObject("Object Repository/Specific Cases Repository/LS/Home/Calendar/Calendar_Events/Calendar_Events_Creation/Block/Page_Calendar/a_Blocked for Automation Block")): Object: 'Object Repository/Specific Cases Repository/LS/Home/Calendar/Calendar_Events/Calendar_Events_Creation/Block/Page_Calendar/a_Blocked for Automation Block' is clicked on

18-02-2025T10:27:56 - [MESSAGE][PASSED] - Object: 'Object Repository/Specific Cases Repository/LS/Home/Calendar/Calendar_Events/Calendar_Events_Creation/Block/Page_Calendar/a_Blocked for Automation Block' is clicked on

18-02-2025T10:27:56 - [TEST_STEP][PASSED] - click(findTestObject("Specific Cases Repository/LS/Home/Calendar/Calendar_Events/Calendar_Events_Creation/Appointment/Page_Calendar/Start Time Clock - Edit")): Object: 'Object Repository/Specific Cases Repository/LS/Home/Calendar/Calendar_Events/Calendar_Events_Creation/Appointment/Page_Calendar/Start Time Clock - Edit' is clicked on

18-02-2025T10:27:57 - [MESSAGE][PASSED] - Object: 'Object Repository/Specific Cases Repository/LS/Home/Calendar/Calendar_Events/Calendar_Events_Creation/Appointment/Page_Calendar/Start Time Clock - Edit' is clicked on

18-02-2025T10:27:57 - [TEST_STEP][PASSED] - setText(findTestObject("Specific Cases Repository/LS/Home/Calendar/Calendar_Events/Calendar_Events_Creation/Appointment/Page_Calendar/Start Time Clock - Edit"), "09"): Text '09' is set on object 'Object Repository/Specific Cases Repository/LS/Home/Calendar/Calendar_Events/Calendar_Events_Creation/Appointment/Page_Calendar/Start Time Clock - Edit'

18-02-2025T10:27:58 - [MESSAGE][PASSED] - Text '09' is set on object 'Object Repository/Specific Cases Repository/LS/Home/Calendar/Calendar_Events/Calendar_Events_Creation/Appointment/Page_Calendar/Start Time Clock - Edit'

18-02-2025T10:27:58 - [TEST_STEP][PASSED] - setText(findTestObject("Specific Cases Repository/LS/Home/Calendar/Calendar_Events/Calendar_Events_Creation/Appointment/Page_Calendar/Start Time Clock - Edit"), "30"): Text '30' is set on object 'Object Repository/Specific Cases Repository/LS/Home/Calendar/Calendar_Events/Calendar_Events_Creation/Appointment/Page_Calendar/Start Time Clock - Edit'

18-02-2025T10:27:59 - [MESSAGE][PASSED] - Text '30' is set on object 'Object Repository/Specific Cases Repository/LS/Home/Calendar/Calendar_Events/Calendar_Events_Creation/Appointment/Page_Calendar/Start Time Clock - Edit'

18-02-2025T10:27:59 - [TEST_STEP][PASSED] - setText(findTestObject("Specific Cases Repository/LS/Home/Calendar/Calendar_Events/Calendar_Events_Creation/Appointment/Page_Calendar/Start Time Clock - Edit"), "AM"): Text 'AM' is set on object 'Object Repository/Specific Cases Repository/LS/Home/Calendar/Calendar_Events/Calendar_Events_Creation/Appointment/Page_Calendar/Start Time Clock - Edit'

18-02-2025T10:28:00 - [MESSAGE][PASSED] - Text 'AM' is set on object 'Object Repository/Specific Cases Repository/LS/Home/Calendar/Calendar_Events/Calendar_Events_Creation/Appointment/Page_Calendar/Start Time Clock - Edit'

18-02-2025T10:28:00 - [TEST_STEP][PASSED] - click(findTestObject("Object Repository/Specific Cases Repository/LS/Home/Calendar/Calendar_Events/Calendar_Events_Creation/Block/Page_Calendar/a_Save Revision")): Object: 'Object Repository/Specific Cases Repository/LS/Home/Calendar/Calendar_Events/Calendar_Events_Creation/Block/Page_Calendar/a_Save Revision' is clicked on

18-02-2025T10:28:00 - [MESSAGE][PASSED] - Object: 'Object Repository/Specific Cases Repository/LS/Home/Calendar/Calendar_Events/Calendar_Events_Creation/Block/Page_Calendar/a_Save Revision' is clicked on

18-02-2025T10:28:00 - [TEST_STEP][PASSED] - delay(2): Delayed 2 second(s)

18-02-2025T10:28:02 - [MESSAGE][PASSED] - Delayed 2 second(s)

18-02-2025T10:28:02 - [TEST_STEP][PASSED] - scrollToElement(findTestObject("Specific Cases Repository/LS/Home/Calendar/Calendar_Events/Calendar_Events_Creation/Block/Page_Calendar/a_Blocked for Automation Block - Edit"), 0): Scroll to object 'Object Repository/Specific Cases Repository/LS/Home/Calendar/Calendar_Events/Calendar_Events_Creation/Block/Page_Calendar/a_Blocked for Automation Block - Edit' successfully

18-02-2025T10:28:02 - [MESSAGE][WARNING] - Timeout '0' is invalid. Using default page load timeout: '30'

18-02-2025T10:28:02 - [MESSAGE][PASSED] - Scroll to object 'Object Repository/Specific Cases Repository/LS/Home/Calendar/Calendar_Events/Calendar_Events_Creation/Block/Page_Calendar/a_Blocked for Automation Block - Edit' successfully

18-02-2025T10:28:02 - [TEST_STEP][PASSED] - mouseOver(findTestObject("Specific Cases Repository/LS/Home/Calendar/Calendar_Events/Calendar_Events_Creation/Block/Page_Calendar/a_Blocked for Automation Block - Edit")): Object: 'Object Repository/Specific Cases Repository/LS/Home/Calendar/Calendar_Events/Calendar_Events_Creation/Block/Page_Calendar/a_Blocked for Automation Block - Edit' is hovered

18-02-2025T10:28:03 - [MESSAGE][PASSED] - Object: 'Object Repository/Specific Cases Repository/LS/Home/Calendar/Calendar_Events/Calendar_Events_Creation/Block/Page_Calendar/a_Blocked for Automation Block - Edit' is hovered

18-02-2025T10:28:03 - [TEST_STEP][PASSED] - closeBrowser(): Browser is closed

18-02-2025T10:28:03 - [MESSAGE][PASSED] - Browser is closed]]></system-out>
         <system-err><![CDATA[]]></system-err>
      </testcase>
      <testcase name="Test Cases/Specific Cases/LS/General/Calendar/Events_Edit/Edit_Event" time="29.232" classname="Test Cases/Specific Cases/LS/General/Calendar/Events_Edit/Edit_Event" status="PASSED">
         <system-out><![CDATA[18-02-2025T10:28:03 - [TEST_CASE][PASSED] - Test Cases/Specific Cases/LS/General/Calendar/Events_Edit/Edit_Event: Test Cases/Specific Cases/LS/General/Calendar/Events_Edit/Edit_Event

18-02-2025T10:28:03 - [TEST_STEP][PASSED] - callTestCase(findTestCase("Common Cases/Login"), [:], STOP_ON_FAILURE): Call Test Case 'Test Cases/Common Cases/Login' successfully

18-02-2025T10:28:03 - [TEST_CASE][PASSED] - Test Cases/Common Cases/Login: Test Cases/Common Cases/Login

18-02-2025T10:28:03 - [TEST_STEP][PASSED] - openBrowser(""): Browser is opened with url: ''

18-02-2025T10:28:03 - [MESSAGE][INFO] - Starting 'Chrome' driver

18-02-2025T10:28:03 - [MESSAGE][INFO] - Action delay is set to 0 milliseconds

18-02-2025T10:28:05 - [MESSAGE][PASSED] - Browser is opened with url: ''

18-02-2025T10:28:05 - [TEST_STEP][PASSED] - maximizeWindow(): Current window maximized

18-02-2025T10:28:05 - [MESSAGE][PASSED] - Current window maximized

18-02-2025T10:28:05 - [TEST_STEP][PASSED] - navigateToUrl("https://site17.lsapp.cloud/auth/login"): Navigate to 'https://site17.lsapp.cloud/auth/login' successfully

18-02-2025T10:28:06 - [MESSAGE][PASSED] - Navigate to 'https://site17.lsapp.cloud/auth/login' successfully

18-02-2025T10:28:06 - [TEST_STEP][PASSED] - setText(findTestObject("Object Repository/Common Cases Repository/Login/Page_Lightning Step/input_Email_email"), "automation@lightningstep.com"): Text 'automation@lightningstep.com' is set on object 'Object Repository/Common Cases Repository/Login/Page_Lightning Step/input_Email_email'

18-02-2025T10:28:09 - [MESSAGE][PASSED] - Text 'automation@lightningstep.com' is set on object 'Object Repository/Common Cases Repository/Login/Page_Lightning Step/input_Email_email'

18-02-2025T10:28:09 - [TEST_STEP][PASSED] - setEncryptedText(findTestObject("Object Repository/Common Cases Repository/Login/Page_Lightning Step/input_Password_password"), "V35d/XPbheBRvBQ/ALpsoA=="): Text ****** has been set on object 'Object Repository/Common Cases Repository/Login/Page_Lightning Step/input_Password_password'

18-02-2025T10:28:10 - [MESSAGE][PASSED] - Text ****** has been set on object 'Object Repository/Common Cases Repository/Login/Page_Lightning Step/input_Password_password'

18-02-2025T10:28:10 - [TEST_STEP][PASSED] - click(findTestObject("Object Repository/Common Cases Repository/Login/Page_Lightning Step/button_Sign in")): Object: 'Object Repository/Common Cases Repository/Login/Page_Lightning Step/button_Sign in' is clicked on

18-02-2025T10:28:14 - [MESSAGE][PASSED] - Object: 'Object Repository/Common Cases Repository/Login/Page_Lightning Step/button_Sign in' is clicked on

18-02-2025T10:28:14 - [MESSAGE][PASSED] - Call Test Case 'Test Cases/Common Cases/Login' successfully

18-02-2025T10:28:14 - [TEST_STEP][PASSED] - click(findTestObject("Object Repository/Specific Cases Repository/LS/Home/Calendar/Calendar_Events/Calendar_Events_Creation/Event/Page_Home/a_Calendar")): Object: 'Object Repository/Specific Cases Repository/LS/Home/Calendar/Calendar_Events/Calendar_Events_Creation/Event/Page_Home/a_Calendar' is clicked on

18-02-2025T10:28:20 - [MESSAGE][PASSED] - Object: 'Object Repository/Specific Cases Repository/LS/Home/Calendar/Calendar_Events/Calendar_Events_Creation/Event/Page_Home/a_Calendar' is clicked on

18-02-2025T10:28:20 - [TEST_STEP][PASSED] - click(findTestObject("Object Repository/Specific Cases Repository/LS/Home/Calendar/Calendar_Events/Calendar_Events_Creation/Event/Page_Calendar/Page_Calendar/div_Week")): Object: 'Object Repository/Specific Cases Repository/LS/Home/Calendar/Calendar_Events/Calendar_Events_Creation/Event/Page_Calendar/Page_Calendar/div_Week' is clicked on

18-02-2025T10:28:21 - [MESSAGE][PASSED] - Object: 'Object Repository/Specific Cases Repository/LS/Home/Calendar/Calendar_Events/Calendar_Events_Creation/Event/Page_Calendar/Page_Calendar/div_Week' is clicked on

18-02-2025T10:28:21 - [TEST_STEP][PASSED] - click(findTestObject("Object Repository/Specific Cases Repository/LS/Home/Calendar/Calendar_Events/Calendar_Events_Creation/Event/Page_Calendar/a_Automation Event")): Object: 'Object Repository/Specific Cases Repository/LS/Home/Calendar/Calendar_Events/Calendar_Events_Creation/Event/Page_Calendar/a_Automation Event' is clicked on

18-02-2025T10:28:21 - [MESSAGE][PASSED] - Object: 'Object Repository/Specific Cases Repository/LS/Home/Calendar/Calendar_Events/Calendar_Events_Creation/Event/Page_Calendar/a_Automation Event' is clicked on

18-02-2025T10:28:21 - [TEST_STEP][PASSED] - click(findTestObject("Object Repository/Specific Cases Repository/LS/Home/Calendar/Calendar_Events/Calendar_Events_Creation/Event/Page_Calendar/Page_Calendar/Start Time Clock - Edit")): Object: 'Object Repository/Specific Cases Repository/LS/Home/Calendar/Calendar_Events/Calendar_Events_Creation/Event/Page_Calendar/Page_Calendar/Start Time Clock - Edit' is clicked on

18-02-2025T10:28:23 - [MESSAGE][PASSED] - Object: 'Object Repository/Specific Cases Repository/LS/Home/Calendar/Calendar_Events/Calendar_Events_Creation/Event/Page_Calendar/Page_Calendar/Start Time Clock - Edit' is clicked on

18-02-2025T10:28:23 - [TEST_STEP][PASSED] - setText(findTestObject("Object Repository/Specific Cases Repository/LS/Home/Calendar/Calendar_Events/Calendar_Events_Creation/Event/Page_Calendar/Page_Calendar/Start Time Clock - Edit"), "08"): Text '08' is set on object 'Object Repository/Specific Cases Repository/LS/Home/Calendar/Calendar_Events/Calendar_Events_Creation/Event/Page_Calendar/Page_Calendar/Start Time Clock - Edit'

18-02-2025T10:28:23 - [MESSAGE][PASSED] - Text '08' is set on object 'Object Repository/Specific Cases Repository/LS/Home/Calendar/Calendar_Events/Calendar_Events_Creation/Event/Page_Calendar/Page_Calendar/Start Time Clock - Edit'

18-02-2025T10:28:23 - [TEST_STEP][PASSED] - setText(findTestObject("Object Repository/Specific Cases Repository/LS/Home/Calendar/Calendar_Events/Calendar_Events_Creation/Event/Page_Calendar/Page_Calendar/Start Time Clock - Edit"), "30"): Text '30' is set on object 'Object Repository/Specific Cases Repository/LS/Home/Calendar/Calendar_Events/Calendar_Events_Creation/Event/Page_Calendar/Page_Calendar/Start Time Clock - Edit'

18-02-2025T10:28:24 - [MESSAGE][PASSED] - Text '30' is set on object 'Object Repository/Specific Cases Repository/LS/Home/Calendar/Calendar_Events/Calendar_Events_Creation/Event/Page_Calendar/Page_Calendar/Start Time Clock - Edit'

18-02-2025T10:28:24 - [TEST_STEP][PASSED] - setText(findTestObject("Object Repository/Specific Cases Repository/LS/Home/Calendar/Calendar_Events/Calendar_Events_Creation/Event/Page_Calendar/Page_Calendar/Start Time Clock - Edit"), "AM"): Text 'AM' is set on object 'Object Repository/Specific Cases Repository/LS/Home/Calendar/Calendar_Events/Calendar_Events_Creation/Event/Page_Calendar/Page_Calendar/Start Time Clock - Edit'

18-02-2025T10:28:25 - [MESSAGE][PASSED] - Text 'AM' is set on object 'Object Repository/Specific Cases Repository/LS/Home/Calendar/Calendar_Events/Calendar_Events_Creation/Event/Page_Calendar/Page_Calendar/Start Time Clock - Edit'

18-02-2025T10:28:25 - [TEST_STEP][PASSED] - scrollToElement(findTestObject("Object Repository/Specific Cases Repository/LS/Home/Calendar/Calendar_Events/Calendar_Events_Creation/Event/Page_Calendar/Page_Calendar/a_Save Revision"), 0): Scroll to object 'Object Repository/Specific Cases Repository/LS/Home/Calendar/Calendar_Events/Calendar_Events_Creation/Event/Page_Calendar/Page_Calendar/a_Save Revision' successfully

18-02-2025T10:28:25 - [MESSAGE][WARNING] - Timeout '0' is invalid. Using default page load timeout: '30'

18-02-2025T10:28:25 - [MESSAGE][PASSED] - Scroll to object 'Object Repository/Specific Cases Repository/LS/Home/Calendar/Calendar_Events/Calendar_Events_Creation/Event/Page_Calendar/Page_Calendar/a_Save Revision' successfully

18-02-2025T10:28:25 - [TEST_STEP][PASSED] - click(findTestObject("Object Repository/Specific Cases Repository/LS/Home/Calendar/Calendar_Events/Calendar_Events_Creation/Event/Page_Calendar/Page_Calendar/a_Save Revision")): Object: 'Object Repository/Specific Cases Repository/LS/Home/Calendar/Calendar_Events/Calendar_Events_Creation/Event/Page_Calendar/Page_Calendar/a_Save Revision' is clicked on

18-02-2025T10:28:26 - [MESSAGE][PASSED] - Object: 'Object Repository/Specific Cases Repository/LS/Home/Calendar/Calendar_Events/Calendar_Events_Creation/Event/Page_Calendar/Page_Calendar/a_Save Revision' is clicked on

18-02-2025T10:28:26 - [TEST_STEP][PASSED] - mouseOver(findTestObject("Object Repository/Specific Cases Repository/LS/Home/Calendar/Calendar_Events/Calendar_Events_Creation/Event/Page_Calendar/a_Automation Event - Edit")): Object: 'Object Repository/Specific Cases Repository/LS/Home/Calendar/Calendar_Events/Calendar_Events_Creation/Event/Page_Calendar/a_Automation Event - Edit' is hovered

18-02-2025T10:28:29 - [MESSAGE][PASSED] - Object: 'Object Repository/Specific Cases Repository/LS/Home/Calendar/Calendar_Events/Calendar_Events_Creation/Event/Page_Calendar/a_Automation Event - Edit' is hovered

18-02-2025T10:28:29 - [TEST_STEP][PASSED] - verifyElementText(findTestObject("Object Repository/Specific Cases Repository/LS/Home/Calendar/Calendar_Events/Calendar_Events_Creation/Event/Page_Calendar/Page_Calendar/span_Automation Event_1"), "Automation Event"): Actual text and expected text of test object 'Object Repository/Specific Cases Repository/LS/Home/Calendar/Calendar_Events/Calendar_Events_Creation/Event/Page_Calendar/Page_Calendar/span_Automation Event_1' are matched.

18-02-2025T10:28:30 - [MESSAGE][PASSED] - Actual text and expected text of test object 'Object Repository/Specific Cases Repository/LS/Home/Calendar/Calendar_Events/Calendar_Events_Creation/Event/Page_Calendar/Page_Calendar/span_Automation Event_1' are matched.

18-02-2025T10:28:30 - [TEST_STEP][PASSED] - verifyElementText(findTestObject("Object Repository/Specific Cases Repository/LS/Home/Calendar/Calendar_Events/Calendar_Events_Creation/Event/Page_Calendar/Page_Calendar/span_830 - 9 AM_1"), "8:30 - 9 AM"): Actual text and expected text of test object 'Object Repository/Specific Cases Repository/LS/Home/Calendar/Calendar_Events/Calendar_Events_Creation/Event/Page_Calendar/Page_Calendar/span_830 - 9 AM_1' are matched.

18-02-2025T10:28:30 - [MESSAGE][PASSED] - Actual text and expected text of test object 'Object Repository/Specific Cases Repository/LS/Home/Calendar/Calendar_Events/Calendar_Events_Creation/Event/Page_Calendar/Page_Calendar/span_830 - 9 AM_1' are matched.

18-02-2025T10:28:30 - [TEST_STEP][PASSED] - closeBrowser(): Browser is closed

18-02-2025T10:28:32 - [MESSAGE][PASSED] - Browser is closed]]></system-out>
         <system-err><![CDATA[]]></system-err>
      </testcase>
      <system-out><![CDATA[18-02-2025T10:14:15 - [TEST_SUITE][PASSED] - Calendar: Test Cases/Specific Cases/LS/General/Calendar/Events_Edit/Edit_Event]]></system-out>
      <system-err><![CDATA[]]></system-err>
   </testsuite>
</testsuites>
